<?xml version="1.0" encoding="utf-8"?><testsuites><testsuite name="pytest" errors="0" failures="0" skipped="1" tests="1500" time="11.600" timestamp="2026-08-09T00:04:21.278518+08:00" hostname="黄玉桥I9台式机办公室"><testcase classname="tests.test_account_bootstrap" name="test_legacy_loses_every_account_on_one_transient_hiccup" time="0.001" /><testcase classname="tests.test_account_bootstrap" name="test_transient_db_lock_must_not_lose_all_accounts" time="0.005" /><testcase classname="tests.test_account_bootstrap" name="test_permanent_db_failure_leaves_a_self_heal_path" time="0.001" /><testcase classname="tests.test_account_bootstrap" name="test_one_bad_account_must_not_drag_down_other_customers" time="0.001" /><testcase classname="tests.test_account_bootstrap" name="test_unconnected_account_must_be_marked_offline_in_db" time="0.001" /><testcase classname="tests.test_account_bootstrap" name="test_all_success_marks_every_account_online" time="0.001" /><testcase classname="tests.test_account_bootstrap" name="test_zero_configured_accounts_is_not_a_failure" time="0.000" /><testcase classname="tests.test_account_bootstrap" name="test_bootstrap_never_raises_into_lifespan" time="0.001" /><testcase classname="tests.test_account_bootstrap" name="test_decrypt_failure_is_isolated_to_that_account" time="0.001" /><testcase classname="tests.test_account_bootstrap" name="test_reconnect_daemon_retries_until_connected_then_exits" time="0.034" /><testcase classname="tests.test_account_bootstrap" name="test_reconnect_daemon_not_started_when_nothing_to_fix" time="0.001" /><testcase classname="tests.test_account_bootstrap" name="test_daemon_survives_exceptions_and_keeps_trying" time="0.030" /><testcase classname="tests.test_account_lane.TestLanePoolBounded" name="test_worker_count_never_scales_with_client_count" time="0.001" /><testcase classname="tests.test_account_lane.TestLanePoolBounded" name="test_explicit_max_workers_still_capped" time="0.000" /><testcase classname="tests.test_account_lane.TestLanePoolBounded" name="test_lazy_creation_no_threads_until_needed" time="0.001" /><testcase classname="tests.test_account_lane.TestLanePoolBounded" name="test_single_account_bypasses_pool" time="0.000" /><testcase classname="tests.test_account_lane.TestLanePoolBounded" name="test_results_keep_input_order" time="0.022" /><testcase classname="tests.test_account_lane.TestLanePoolBounded" name="test_one_account_failure_does_not_kill_others" time="0.001" /><testcase classname="tests.test_account_lane.TestLanePoolBounded" name="test_empty_input_returns_empty" time="0.001" /><testcase classname="tests.test_account_lane.TestLanePoolBounded" name="test_真并发_不是串行" time="0.052" /><testcase classname="tests.test_account_lane.TestLanePoolBounded" name="test_pool_is_singleton_and_reusable" time="0.001" /><testcase classname="tests.test_account_lane.TestLanePoolBounded" name="test_reset_releases_pool" time="0.001" /><testcase classname="tests.test_account_lane.TestLanePoolBounded" name="test_named_pools_are_isolated" time="0.000" /><testcase classname="tests.test_account_lane.TestLanePoolBounded" name="test_named_pool_limits_applied" time="0.000" /><testcase classname="tests.test_account_lane.TestLanePoolBounded" name="test_default_name_is_account" time="0.000" /><testcase classname="tests.test_account_lane.TestLanePoolBounded" name="test_reset_single_named_pool" time="0.001" /><testcase classname="tests.test_account_lane.TestLanePoolBounded" name="test_nested_dispatch_does_not_deadlock" time="0.026" /><testcase classname="tests.test_account_lane.TestOrderJitter" name="test_single_client_zero_delay" time="0.001" /><testcase classname="tests.test_account_lane.TestOrderJitter" name="test_window_grows_with_n_then_caps" time="0.001" /><testcase classname="tests.test_account_lane.TestOrderJitter" name="test_never_exceeds_hard_ceiling" time="0.001" /><testcase classname="tests.test_account_lane.TestOrderJitter" name="test_min_window_respected" time="0.001" /><testcase classname="tests.test_account_lane.TestOrderJitter" name="test_jitter_is_random_not_fixed" time="0.000" /><testcase classname="tests.test_account_lane.TestOrderJitter" name="test_expected_gap_stays_small_at_high_n" time="0.000" /><testcase classname="tests.test_account_lane.TestOrderJitter" name="test_apply_jitter_actually_sleeps" time="0.000" /><testcase classname="tests.test_account_lane.TestOrderJitter" name="test_apply_jitter_no_sleep_for_single" time="0.000" /><testcase classname="tests.test_account_lane.TestOrderJitter" name="test_jitter_failure_never_blocks_order" time="0.000" /><testcase classname="tests.test_account_lane.TestConcurrencyAttribution" name="test_empty_summary_is_safe" time="0.000" /><testcase classname="tests.test_account_lane.TestConcurrencyAttribution" name="test_pip_computed_for_xauusd" time="0.000" /><testcase classname="tests.test_account_lane.TestConcurrencyAttribution" name="test_slippage_is_absolute_both_directions" time="0.001" /><testcase classname="tests.test_account_lane.TestConcurrencyAttribution" name="test_dirty_data_silently_dropped" time="0.000" /><testcase classname="tests.test_account_lane.TestConcurrencyAttribution" name="test_bad_concurrency_value_defaults_to_one" time="0.001" /><testcase classname="tests.test_account_lane.TestConcurrencyAttribution" name="test_buckets_group_by_concurrency" time="0.000" /><testcase classname="tests.test_account_lane.TestConcurrencyAttribution" name="test_per_account_breakdown" time="0.000" /><testcase classname="tests.test_account_lane.TestConcurrencyAttribution" name="test_crowding_detected_when_high_concurrency_worse" time="0.001" /><testcase classname="tests.test_account_lane.TestConcurrencyAttribution" name="test_no_crowding_when_slippage_flat" time="0.001" /><testcase classname="tests.test_account_lane.TestConcurrencyAttribution" name="test_insufficient_samples_never_cries_wolf" time="0.001" /><testcase classname="tests.test_account_lane.TestConcurrencyAttribution" name="test_buffer_is_bounded" time="0.001" /><testcase classname="tests.test_account_lane.TestConcurrencyAttribution" name="test_module_level_record_never_raises" time="0.001" /><testcase classname="tests.test_account_lane.TestConcurrencyAttribution" name="test_thread_safe_concurrent_record" time="0.002" /><testcase classname="tests.test_account_lane.TestConcurrencyGauge" name="test_default_is_one" time="0.000" /><testcase classname="tests.test_account_lane.TestConcurrencyGauge" name="test_set_and_read" time="0.000" /><testcase classname="tests.test_account_lane.TestConcurrencyGauge" name="test_never_below_one" time="0.000" /><testcase classname="tests.test_account_lane.TestConcurrencyGauge" name="test_bad_value_defaults_to_one" time="0.000" /><testcase classname="tests.test_account_lane.TestConcurrencyGauge" name="test_module_level_gauge" time="0.000" /><testcase classname="tests.test_audit_portability_rules" name="test_absolute_path_in_env_is_flagged[DATA_DIR=F:/WanxiangAI/data]" time="0.001" /><testcase classname="tests.test_audit_portability_rules" name="test_absolute_path_in_env_is_flagged[DATABASE_URL=sqlite:///F:/WanxiangAI/backend/data/wx_prod.dat]" time="0.001" /><testcase classname="tests.test_audit_portability_rules" name="test_absolute_path_in_env_is_flagged[LOG_DIR=C:\\Users\\somebody\\logs]" time="0.001" /><testcase classname="tests.test_audit_portability_rules" name="test_absolute_path_in_env_is_flagged[MODEL_PATH=D:/models/qwen3-8b]" time="0.001" /><testcase classname="tests.test_audit_portability_rules" name="test_absolute_path_in_env_is_flagged[  BACKUP =  E:\\backup\\wx]" time="0.001" /><testcase classname="tests.test_audit_portability_rules" name="test_normal_config_is_not_flagged[DEEPSEEK_BASE_URL=https://api.deepseek.com/v1]" time="0.001" /><testcase classname="tests.test_audit_portability_rules" name="test_normal_config_is_not_flagged[HUNYUAN_BASE_URL=https://tokenhub.tencentmaas.com/v1]" time="0.001" /><testcase classname="tests.test_audit_portability_rules" name="test_normal_config_is_not_flagged[LICENSE_SERVER_URL=http://127.0.0.1:9000/api]" time="0.001" /><testcase classname="tests.test_audit_portability_rules" name="test_normal_config_is_not_flagged[PORT=8080]" time="0.001" /><testcase classname="tests.test_audit_portability_rules" name="test_normal_config_is_not_flagged[FRONTEND_DIST_DIR=dist]" time="0.001" /><testcase classname="tests.test_audit_portability_rules" name="test_normal_config_is_not_flagged[SECRET_KEY=5b195a9f0e0998b66e51faaeb49c10e3]" time="0.001" /><testcase classname="tests.test_audit_portability_rules" name="test_normal_config_is_not_flagged[HOST=127.0.0.1]" time="0.001" /><testcase classname="tests.test_audit_portability_rules" name="test_normal_config_is_not_flagged[DATA_DIR=]" time="0.001" /><testcase classname="tests.test_audit_portability_rules" name="test_normal_config_is_not_flagged[AI_DECISION_INTERVAL=60]" time="0.001" /><testcase classname="tests.test_audit_portability_rules" name="test_real_env_files_have_no_absolute_paths" time="0.001" /><testcase classname="tests.test_audit_portability_rules" name="test_first_deploy_chain_is_intact" time="0.001" /><testcase classname="tests.test_cap_risk_authority" name="test_live_mode_identical_to_legacy[988998.0-10.0-1.0]" time="0.001" /><testcase classname="tests.test_cap_risk_authority" name="test_live_mode_identical_to_legacy[1005982.0-25.0-1.0]" time="0.001" /><testcase classname="tests.test_cap_risk_authority" name="test_live_mode_identical_to_legacy[988998.0-3.0-0.5]" time="0.001" /><testcase classname="tests.test_cap_risk_authority" name="test_live_mode_identical_to_legacy[2408.0-10.0-0.05]" time="0.001" /><testcase classname="tests.test_cap_risk_authority" name="test_live_mode_identical_to_legacy[2696.0-25.0-0.05]" time="0.001" /><testcase classname="tests.test_cap_risk_authority" name="test_live_mode_identical_to_legacy[0.0-10.0-0.05]" time="0.001" /><testcase classname="tests.test_cap_risk_authority" name="test_live_mode_identical_to_legacy[2408.0-0.0-0.05]" time="0.001" /><testcase classname="tests.test_cap_risk_authority" name="test_live_mode_identical_even_when_base_capital_set" time="0.001" /><testcase classname="tests.test_cap_risk_authority" name="test_manual_lower_than_balance_respects_customer_setting" time="0.001" /><testcase classname="tests.test_cap_risk_authority" name="test_manual_higher_than_balance_still_uses_real_balance" time="0.000" /><testcase classname="tests.test_cap_risk_authority" name="test_input_capital_takes_priority_over_manual" time="0.000" /><testcase classname="tests.test_cap_risk_authority" name="test_tiny_manual_capital_must_not_create_new_rejection" time="0.000" /><testcase classname="tests.test_cap_risk_authority" name="test_live_tiny_balance_opens_at_min_lot_never_rejects" time="0.000" /><testcase classname="tests.test_cap_risk_authority" name="test_starting_1000_account_must_open_not_reject" time="0.000" /><testcase classname="tests.test_cap_risk_authority" name="test_no_rejection_when_position_already_compliant" time="0.000" /><testcase classname="tests.test_cap_risk_authority" name="test_clamp_capital_matches_authority[live-0-2408.0]" time="0.001" /><testcase classname="tests.test_cap_risk_authority" name="test_clamp_capital_matches_authority[live-1000000-988998.0]" time="0.001" /><testcase classname="tests.test_cap_risk_authority" name="test_clamp_capital_matches_authority[manual-5000-50000.0]" time="0.001" /><testcase classname="tests.test_cap_risk_authority" name="test_clamp_capital_matches_authority[manual-32000-2408.0]" time="0.001" /><testcase classname="tests.test_cap_risk_authority" name="test_exception_path_falls_back_to_original_size" time="0.001" /><testcase classname="tests.test_capital_authority.TestCapitalPriority" name="test_input_capital_beats_everything" time="0.000" /><testcase classname="tests.test_capital_authority.TestCapitalPriority" name="test_input_capital_read_from_strategy_field" time="0.000" /><testcase classname="tests.test_capital_authority.TestCapitalPriority" name="test_manual_used_when_no_input" time="0.000" /><testcase classname="tests.test_capital_authority.TestCapitalPriority" name="test_live_is_default" time="0.000" /><testcase classname="tests.test_capital_authority.TestCapitalPriority" name="test_manual_with_zero_base_falls_back_to_live" time="0.001" /><testcase classname="tests.test_capital_authority.TestCapitalPriority" name="test_missing_capital_source_defaults_to_live" time="0.000" /><testcase classname="tests.test_capital_authority.TestCapitalPriority" name="test_dict_strategy_supported" time="0.000" /><testcase classname="tests.test_capital_authority.TestCapitalPriority" name="test_none_strategy_never_crashes" time="0.001" /><testcase classname="tests.test_capital_authority.TestCapitalPriority" name="test_garbage_input_capital_ignored[abc]" time="0.001" /><testcase classname="tests.test_capital_authority.TestCapitalPriority" name="test_garbage_input_capital_ignored[None]" time="0.001" /><testcase classname="tests.test_capital_authority.TestCapitalPriority" name="test_garbage_input_capital_ignored[]" time="0.001" /><testcase classname="tests.test_capital_authority.TestCapitalPriority" name="test_negative_balance_clamped_to_zero" time="0.001" /><testcase classname="tests.test_capital_authority.TestCapitalPriority" name="test_is_synthetic_flag" time="0.001" /><testcase classname="tests.test_capital_authority.TestBackwardEquivalence" name="test_equivalent_to_legacy_when_no_input_capital[0.0-0-live]" time="0.001" /><testcase classname="tests.test_capital_authority.TestBackwardEquivalence" name="test_equivalent_to_legacy_when_no_input_capital[0.0-0-manual]" time="0.001" /><testcase classname="tests.test_capital_authority.TestBackwardEquivalence" name="test_equivalent_to_legacy_when_no_input_capital[0.0-0-MANUAL]" time="0.001" /><testcase classname="tests.test_capital_authority.TestBackwardEquivalence" name="test_equivalent_to_legacy_when_no_input_capital[0.0-0-]" time="0.001" /><testcase classname="tests.test_capital_authority.TestBackwardEquivalence" name="test_equivalent_to_legacy_when_no_input_capital[0.0-0-None]" time="0.001" /><testcase classname="tests.test_capital_authority.TestBackwardEquivalence" name="test_equivalent_to_legacy_when_no_input_capital[0.0-1000.0-live]" time="0.001" /><testcase classname="tests.test_capital_authority.TestBackwardEquivalence" name="test_equivalent_to_legacy_when_no_input_capital[0.0-1000.0-manual]" time="0.001" /><testcase classname="tests.test_capital_authority.TestBackwardEquivalence" name="test_equivalent_to_legacy_when_no_input_capital[0.0-1000.0-MANUAL]" time="0.001" /><testcase classname="tests.test_capital_authority.TestBackwardEquivalence" name="test_equivalent_to_legacy_when_no_input_capital[0.0-1000.0-]" time="0.001" /><testcase classname="tests.test_capital_authority.TestBackwardEquivalence" name="test_equivalent_to_legacy_when_no_input_capital[0.0-1000.0-None]" time="0.001" /><testcase classname="tests.test_capital_authority.TestBackwardEquivalence" name="test_equivalent_to_legacy_when_no_input_capital[0.0-32000.0-live]" time="0.001" /><testcase classname="tests.test_capital_authority.TestBackwardEquivalence" name="test_equivalent_to_legacy_when_no_input_capital[0.0-32000.0-manual]" time="0.001" /><testcase classname="tests.test_capital_authority.TestBackwardEquivalence" name="test_equivalent_to_legacy_when_no_input_capital[0.0-32000.0-MANUAL]" time="0.001" /><testcase classname="tests.test_capital_authority.TestBackwardEquivalence" name="test_equivalent_to_legacy_when_no_input_capital[0.0-32000.0-]" time="0.001" /><testcase classname="tests.test_capital_authority.TestBackwardEquivalence" name="test_equivalent_to_legacy_when_no_input_capital[0.0-32000.0-None]" time="0.001" /><testcase classname="tests.test_capital_authority.TestBackwardEquivalence" name="test_equivalent_to_legacy_when_no_input_capital[2408.0-0-live]" time="0.001" /><testcase classname="tests.test_capital_authority.TestBackwardEquivalence" name="test_equivalent_to_legacy_when_no_input_capital[2408.0-0-manual]" time="0.001" /><testcase classname="tests.test_capital_authority.TestBackwardEquivalence" name="test_equivalent_to_legacy_when_no_input_capital[2408.0-0-MANUAL]" time="0.001" /><testcase classname="tests.test_capital_authority.TestBackwardEquivalence" name="test_equivalent_to_legacy_when_no_input_capital[2408.0-0-]" time="0.001" /><testcase classname="tests.test_capital_authority.TestBackwardEquivalence" name="test_equivalent_to_legacy_when_no_input_capital[2408.0-0-None]" time="0.001" /><testcase classname="tests.test_capital_authority.TestBackwardEquivalence" name="test_equivalent_to_legacy_when_no_input_capital[2408.0-1000.0-live]" time="0.001" /><testcase classname="tests.test_capital_authority.TestBackwardEquivalence" name="test_equivalent_to_legacy_when_no_input_capital[2408.0-1000.0-manual]" time="0.001" /><testcase classname="tests.test_capital_authority.TestBackwardEquivalence" name="test_equivalent_to_legacy_when_no_input_capital[2408.0-1000.0-MANUAL]" time="0.001" /><testcase classname="tests.test_capital_authority.TestBackwardEquivalence" name="test_equivalent_to_legacy_when_no_input_capital[2408.0-1000.0-]" time="0.001" /><testcase classname="tests.test_capital_authority.TestBackwardEquivalence" name="test_equivalent_to_legacy_when_no_input_capital[2408.0-1000.0-None]" time="0.001" /><testcase classname="tests.test_capital_authority.TestBackwardEquivalence" name="test_equivalent_to_legacy_when_no_input_capital[2408.0-32000.0-live]" time="0.001" /><testcase classname="tests.test_capital_authority.TestBackwardEquivalence" name="test_equivalent_to_legacy_when_no_input_capital[2408.0-32000.0-manual]" time="0.001" /><testcase classname="tests.test_capital_authority.TestBackwardEquivalence" name="test_equivalent_to_legacy_when_no_input_capital[2408.0-32000.0-MANUAL]" time="0.001" /><testcase classname="tests.test_capital_authority.TestBackwardEquivalence" name="test_equivalent_to_legacy_when_no_input_capital[2408.0-32000.0-]" time="0.001" /><testcase classname="tests.test_capital_authority.TestBackwardEquivalence" name="test_equivalent_to_legacy_when_no_input_capital[2408.0-32000.0-None]" time="0.001" /><testcase classname="tests.test_capital_authority.TestBackwardEquivalence" name="test_equivalent_to_legacy_when_no_input_capital[989000.0-0-live]" time="0.001" /><testcase classname="tests.test_capital_authority.TestBackwardEquivalence" name="test_equivalent_to_legacy_when_no_input_capital[989000.0-0-manual]" time="0.001" /><testcase classname="tests.test_capital_authority.TestBackwardEquivalence" name="test_equivalent_to_legacy_when_no_input_capital[989000.0-0-MANUAL]" time="0.001" /><testcase classname="tests.test_capital_authority.TestBackwardEquivalence" name="test_equivalent_to_legacy_when_no_input_capital[989000.0-0-]" time="0.001" /><testcase classname="tests.test_capital_authority.TestBackwardEquivalence" name="test_equivalent_to_legacy_when_no_input_capital[989000.0-0-None]" time="0.001" /><testcase classname="tests.test_capital_authority.TestBackwardEquivalence" name="test_equivalent_to_legacy_when_no_input_capital[989000.0-1000.0-live]" time="0.001" /><testcase classname="tests.test_capital_authority.TestBackwardEquivalence" name="test_equivalent_to_legacy_when_no_input_capital[989000.0-1000.0-manual]" time="0.001" /><testcase classname="tests.test_capital_authority.TestBackwardEquivalence" name="test_equivalent_to_legacy_when_no_input_capital[989000.0-1000.0-MANUAL]" time="0.001" /><testcase classname="tests.test_capital_authority.TestBackwardEquivalence" name="test_equivalent_to_legacy_when_no_input_capital[989000.0-1000.0-]" time="0.001" /><testcase classname="tests.test_capital_authority.TestBackwardEquivalence" name="test_equivalent_to_legacy_when_no_input_capital[989000.0-1000.0-None]" time="0.001" /><testcase classname="tests.test_capital_authority.TestBackwardEquivalence" name="test_equivalent_to_legacy_when_no_input_capital[989000.0-32000.0-live]" time="0.001" /><testcase classname="tests.test_capital_authority.TestBackwardEquivalence" name="test_equivalent_to_legacy_when_no_input_capital[989000.0-32000.0-manual]" time="0.001" /><testcase classname="tests.test_capital_authority.TestBackwardEquivalence" name="test_equivalent_to_legacy_when_no_input_capital[989000.0-32000.0-MANUAL]" time="0.001" /><testcase classname="tests.test_capital_authority.TestBackwardEquivalence" name="test_equivalent_to_legacy_when_no_input_capital[989000.0-32000.0-]" time="0.001" /><testcase classname="tests.test_capital_authority.TestBackwardEquivalence" name="test_equivalent_to_legacy_when_no_input_capital[989000.0-32000.0-None]" time="0.001" /><testcase classname="tests.test_capital_authority.TestLotBoundsLegacyScaling" name="test_auto_scales_up_with_capital" time="0.000" /><testcase classname="tests.test_capital_authority.TestLotBoundsLegacyScaling" name="test_auto_scale_capped_at_50x" time="0.000" /><testcase classname="tests.test_capital_authority.TestLotBoundsLegacyScaling" name="test_manual_mode_no_scaling" time="0.000" /><testcase classname="tests.test_capital_authority.TestLotHardBounds" name="test_default_is_hard_bounds_on" time="0.000" /><testcase classname="tests.test_capital_authority.TestLotHardBounds" name="test_million_dollar_account_capped_at_setting" time="0.000" /><testcase classname="tests.test_capital_authority.TestLotHardBounds" name="test_hard_bounds_still_allows_tightening" time="0.000" /><testcase classname="tests.test_capital_authority.TestLotHardBounds" name="test_strategy_field_can_override_global" time="0.000" /><testcase classname="tests.test_capital_authority.TestLotHardBounds" name="test_explicit_arg_beats_everything" time="0.000" /><testcase classname="tests.test_capital_authority.TestLotBoundsCommon" name="test_zero_balance_keeps_scale_one" time="0.000" /><testcase classname="tests.test_capital_authority.TestLotBoundsCommon" name="test_min_lot_never_below_broker_minimum" time="0.000" /><testcase classname="tests.test_capital_authority.TestRiskCheckCapital" name="test_live_uses_balance" time="0.000" /><testcase classname="tests.test_capital_authority.TestRiskCheckCapital" name="test_manual_higher_than_balance_clamped" time="0.000" /><testcase classname="tests.test_capital_authority.TestRiskCheckCapital" name="test_manual_lower_than_balance_respected" time="0.000" /><testcase classname="tests.test_capital_authority.TestRiskCheckCapital" name="test_balance_unavailable_falls_back_to_setting" time="0.000" /><testcase classname="tests.test_chronos_probe_isolation" name="test_probe_ok_parses_torch_version" time="0.003" /><testcase classname="tests.test_chronos_probe_isolation" name="test_probe_access_violation_is_caught_not_crash" time="0.002" /><testcase classname="tests.test_chronos_probe_isolation" name="test_probe_import_error_is_caught" time="0.002" /><testcase classname="tests.test_chronos_probe_isolation" name="test_probe_timeout_degrades_and_is_not_cached_on_disk" time="0.002" /><testcase classname="tests.test_chronos_probe_isolation" name="test_probe_deterministic_failure_is_cached_on_disk" time="0.002" /><testcase classname="tests.test_chronos_probe_isolation" name="test_probe_uses_memory_cache_no_second_subprocess" time="0.002" /><testcase classname="tests.test_chronos_probe_isolation" name="test_probe_corrupt_cache_file_recovers" time="0.002" /><testcase classname="tests.test_chronos_probe_isolation" name="test_probe_disk_cache_hit_skips_subprocess" time="0.002" /><testcase classname="tests.test_chronos_probe_isolation" name="test_fingerprint_changes_with_interpreter" time="0.002" /><testcase classname="tests.test_chronos_probe_isolation" name="test_ensure_loaded_degrades_when_probe_fails" time="0.002" /><testcase classname="tests.test_chronos_probe_isolation" name="test_degradation_is_permanent" time="0.003" /><testcase classname="tests.test_chronos_probe_isolation" name="test_forecast_returns_none_when_degraded" time="0.002" /><testcase classname="tests.test_chronos_probe_isolation" name="test_status_never_imports_torch_when_degraded" time="0.002" /><testcase classname="tests.test_chronos_probe_isolation" name="test_probe_ok_then_normal_load_path" time="0.001" /><testcase classname="tests.test_chronos_probe_isolation" name="test_regression_guard_probe_before_import_torch" time="0.002" /><testcase classname="tests.test_chronos_probe_isolation" name="test_regression_guard_no_bare_import_torch_at_module_level" time="0.001" /><testcase classname="tests.test_chronos_probe_isolation" name="test_regression_guard_status_has_no_dunder_import_torch" time="0.002" /><testcase classname="tests.test_chronos_probe_isolation" name="test_real_subprocess_nonzero_exit_is_detected" time="0.080" /><testcase classname="tests.test_chronos_probe_isolation" name="test_real_subprocess_ok_path" time="0.079" /><testcase classname="tests.test_copy_concurrency" name="test_concurrent_copy_places_only_one_order" time="0.265" /><testcase classname="tests.test_copy_concurrency" name="test_second_thread_reports_duplicate_not_success" time="0.254" /><testcase classname="tests.test_copy_concurrency" name="test_claim_is_taken_before_irreversible_order" time="0.403" /><testcase classname="tests.test_copy_concurrency" name="test_failed_order_releases_claim_for_retry" time="0.003" /><testcase classname="tests.test_copy_concurrency" name="test_different_leader_tickets_never_block_each_other" time="0.255" /><testcase classname="tests.test_copy_concurrency" name="test_sequential_duplicate_still_blocked" time="0.002" /><testcase classname="tests.test_copy_concurrency" name="test_claim_expires_after_ttl" time="0.003" /><testcase classname="tests.test_cycle_idempotency" name="test_manage_positions_runs_once_per_cycle[max_positions]" time="1.245" /><testcase classname="tests.test_cycle_idempotency" name="test_manage_positions_runs_once_per_cycle[open_interval]" time="0.004" /><testcase classname="tests.test_cycle_idempotency" name="test_manage_positions_runs_once_per_cycle[churn]" time="0.005" /><testcase classname="tests.test_cycle_idempotency" name="test_branch_is_actually_reached[max_positions]" time="0.005" /><testcase classname="tests.test_cycle_idempotency" name="test_branch_is_actually_reached[open_interval]" time="0.004" /><testcase classname="tests.test_cycle_idempotency" name="test_branch_is_actually_reached[churn]" time="0.004" /><testcase classname="tests.test_cycle_idempotency" name="test_l2_reversal_debounce_not_halved[max_positions]" time="0.004" /><testcase classname="tests.test_cycle_idempotency" name="test_l2_reversal_debounce_not_halved[open_interval]" time="0.005" /><testcase classname="tests.test_cycle_idempotency" name="test_l2_reversal_debounce_not_halved[churn]" time="0.005" /><testcase classname="tests.test_cycle_idempotency" name="test_l2_not_broken_by_position_count[2]" time="0.004" /><testcase classname="tests.test_cycle_idempotency" name="test_l2_not_broken_by_position_count[3]" time="0.006" /><testcase classname="tests.test_cycle_idempotency" name="test_l2_not_broken_by_position_count[8]" time="0.005" /><testcase classname="tests.test_cycle_idempotency" name="test_l2_still_confirms_across_two_real_cycles" time="0.010" /><testcase classname="tests.test_cycle_idempotency" name="test_partial_close_not_doubled[max_positions]" time="0.005" /><testcase classname="tests.test_cycle_idempotency" name="test_partial_close_not_doubled[open_interval]" time="0.004" /><testcase classname="tests.test_cycle_idempotency" name="test_partial_close_not_doubled[churn]" time="0.005" /><testcase classname="tests.test_cycle_idempotency" name="test_single_call_branches_still_protect[hold-kwargs0]" time="0.002" /><testcase classname="tests.test_cycle_idempotency" name="test_single_call_branches_still_protect[low_conf-kwargs1]" time="0.002" /><testcase classname="tests.test_cycle_idempotency" name="test_single_call_branches_still_protect[gate_block-kwargs2]" time="0.002" /><testcase classname="tests.test_cycle_idempotency" name="test_normal_open_path_still_manages_then_opens" time="0.004" /><testcase classname="tests.test_decision_gates" name="test_decision_gate_matrix[off+\u5f31\u4f53\u5236+BUY \u653e\u884c]" time="0.001" /><testcase classname="tests.test_decision_gates" name="test_decision_gate_matrix[off+\u5f3a\u8d8b\u52bf+BUY \u653e\u884c]" time="0.001" /><testcase classname="tests.test_decision_gates" name="test_decision_gate_matrix[soft+\u5f3a\u8d8b\u52bf+BUY 0\u60e9\u7f5a]" time="0.001" /><testcase classname="tests.test_decision_gates" name="test_decision_gate_matrix[soft+\u5f31\u4f53\u5236(range)+BUY \u8f6f\u60e9\u7f5a\u4e0d\u62e6\u622a]" time="0.001" /><testcase classname="tests.test_decision_gates" name="test_decision_gate_matrix[soft+\u6ce2\u52a8(volatile)+BUY \u8f6f\u60e9\u7f5a\u4e0d\u62e6\u622a]" time="0.001" /><testcase classname="tests.test_decision_gates" name="test_decision_gate_matrix[hard+\u5f3a\u8d8b\u52bf+BUY \u653e\u884c]" time="0.001" /><testcase classname="tests.test_decision_gates" name="test_decision_gate_matrix[hard+\u9707\u8361(range)+BUY \u653e\u884c(\u4e0d\u780d\u4ea4\u6613\u7b14\u6570)]" time="0.001" /><testcase classname="tests.test_decision_gates" name="test_decision_gate_matrix[hard+\u6ce2\u52a8(volatile)+BUY \u653e\u884c(\u4e0d\u780d\u4ea4\u6613\u7b14\u6570)]" time="0.001" /><testcase classname="tests.test_decision_gates" name="test_decision_gate_matrix[hard+\u7a7a\u5934\u4f53\u5236+BUY \u786c\u62e6(\u9006\u52bf\u6284\u5e95)]" time="0.001" /><testcase classname="tests.test_decision_gates" name="test_decision_gate_matrix[hard+\u591a\u5934\u4f53\u5236+SELL \u786c\u62e6(\u9006\u52bf\u6478\u9876)]" time="0.001" /><testcase classname="tests.test_decision_gates" name="test_decision_gate_matrix[\u7a7a\u5934off+\u975e\u7a7a\u5934+SELL \u653e\u884c]" time="0.001" /><testcase classname="tests.test_decision_gates" name="test_decision_gate_matrix[\u7a7a\u5934soft+\u7a7a\u5934\u4f53\u5236+SELL \u653e\u884c]" time="0.001" /><testcase classname="tests.test_decision_gates" name="test_decision_gate_matrix[\u7a7a\u5934soft+\u975e\u7a7a\u5934+SELL \u8f6f\u60e9\u7f5a\u4e0d\u62e6\u622a]" time="0.001" /><testcase classname="tests.test_decision_gates" name="test_decision_gate_matrix[\u7a7a\u5934hard+\u7a7a\u5934\u4f53\u5236+SELL \u653e\u884c]" time="0.001" /><testcase classname="tests.test_decision_gates" name="test_decision_gate_matrix[\u7a7a\u5934hard+\u975e\u7a7a\u5934+SELL \u786c\u62e6\u622a]" time="0.001" /><testcase classname="tests.test_decision_gates" name="test_decision_gate_matrix[\u7a7a\u5934hard+\u771f\u5b9e\u8c37\u5e95+SELL \u786c\u62e6\u622a]" time="0.001" /><testcase classname="tests.test_decision_gates" name="test_decision_gate_matrix[\u7ec4\u5408+\u5f3a\u4e0b\u8dcc+SELL \u653e\u884c]" time="0.001" /><testcase classname="tests.test_decision_gates" name="test_decision_gate_matrix[\u7ec4\u5408+\u5f3a\u4e0a\u6da8+SELL \u786c\u62e6\u622a(\u7a7a\u5934\u7ea6\u675f)]" time="0.001" /><testcase classname="tests.test_decision_gates" name="test_decision_gate_matrix[\u7ec4\u5408+\u5f3a\u4e0a\u6da8+BUY \u653e\u884c]" time="0.001" /><testcase classname="tests.test_decision_gates" name="test_hard_mode_never_blocks_ranging_market" time="0.000" /><testcase classname="tests.test_decision_gates" name="test_hard_mode_blocks_counter_trend_knife_catching" time="0.001" /><testcase classname="tests.test_decision_gates" name="test_gate_off_mode_never_blocks" time="0.001" /><testcase classname="tests.test_decision_provenance" name="test_three_way_consensus_is_exposed_on_decision" time="0.001" /><testcase classname="tests.test_decision_provenance" name="test_no_consensus_when_chronos_disagrees" time="0.001" /><testcase classname="tests.test_decision_provenance" name="test_no_consensus_when_chronos_neutral" time="0.001" /><testcase classname="tests.test_decision_provenance" name="test_no_consensus_when_cloud_models_split" time="0.001" /><testcase classname="tests.test_decision_provenance" name="test_chronos_vote_and_weight_are_structured" time="0.001" /><testcase classname="tests.test_decision_provenance" name="test_quality_score_and_quantiles_are_structured" time="0.001" /><testcase classname="tests.test_decision_provenance" name="test_missing_meta_quality_degrades_quietly" time="0.001" /><testcase classname="tests.test_decision_provenance" name="test_executor_consensus_exemption_actually_fires" time="0.001" /><testcase classname="tests.test_decision_provenance" name="test_provenance_fields_have_safe_defaults" time="0.000" /><testcase classname="tests.test_degrade_integration.TestSizingHonoursDegrade" name="test_l0_unchanged" time="0.001" /><testcase classname="tests.test_degrade_integration.TestSizingHonoursDegrade" name="test_l1_cuts_to_70pct" time="0.001" /><testcase classname="tests.test_degrade_integration.TestSizingHonoursDegrade" name="test_l2_cuts_to_40pct" time="0.001" /><testcase classname="tests.test_degrade_integration.TestSizingHonoursDegrade" name="test_l3_returns_zero_lots" time="0.001" /><testcase classname="tests.test_degrade_integration.TestSizingHonoursDegrade" name="test_large_account_still_gets_cut" time="0.001" /><testcase classname="tests.test_degrade_integration.TestSizingHonoursDegrade" name="test_fixed_mode_also_cut" time="0.001" /><testcase classname="tests.test_degrade_integration.TestSizingHonoursDegrade" name="test_min_lot_is_a_floor_not_breakable" time="0.001" /><testcase classname="tests.test_degrade_integration.TestSizingHonoursDegrade" name="test_kill_switch_restores_full_size" time="0.001" /><testcase classname="tests.test_degrade_integration.TestSizingHonoursDegrade" name="test_apply_degrade_unit" time="0.000" /><testcase classname="tests.test_degrade_integration.TestGatePlacement" name="test_gate_exists" time="0.001" /><testcase classname="tests.test_degrade_integration.TestGatePlacement" name="test_gate_is_after_position_management" time="0.001" /><testcase classname="tests.test_degrade_integration.TestGatePlacement" name="test_gate_is_before_order_placement" time="0.001" /><testcase classname="tests.test_degrade_integration.TestGatePlacement" name="test_gate_failure_is_fail_open" time="0.001" /><testcase classname="tests.test_degrade_integration.TestGatePlacement" name="test_no_close_call_in_gate_block" time="0.001" /><testcase classname="tests.test_degrade_integration.TestDebateEngineReporting" name="test_reports_all_four_components" time="0.001" /><testcase classname="tests.test_degrade_integration.TestDebateEngineReporting" name="test_skipped_call_is_not_reported_as_failure" time="0.001" /><testcase classname="tests.test_degrade_integration.TestDebateEngineReporting" name="test_deepseek_failure_marked" time="0.001" /><testcase classname="tests.test_degrade_integration.TestDebateEngineReporting" name="test_symmetric_single_model_branches" time="0.001" /><testcase classname="tests.test_degrade_integration.TestDebateEngineReporting" name="test_degraded_path_never_closes_positions" time="0.001" /><testcase classname="tests.test_degrade_integration.TestDebateEngineReporting" name="test_degraded_path_uses_copilot_gate" time="0.001" /><testcase classname="tests.test_degrade_integration.TestChaosDrills" name="test_drill_1_kill_deepseek" time="0.001" /><testcase classname="tests.test_degrade_integration.TestChaosDrills" name="test_drill_2_kill_both_clouds_no_local" time="0.001" /><testcase classname="tests.test_degrade_integration.TestChaosDrills" name="test_drill_3_kill_both_clouds_with_local" time="0.001" /><testcase classname="tests.test_degrade_integration.TestChaosDrills" name="test_drill_4_dirty_market_data" time="0.001" /><testcase classname="tests.test_degrade_integration.TestChaosDrills" name="test_drill_5_full_recovery_path" time="0.001" /><testcase classname="tests.test_degrade_integration.TestChaosDrills" name="test_drill_6_degrade_never_triggers_close" time="0.001" /><testcase classname="tests.test_emergency" name="test_default_is_normal_and_everything_allowed" time="0.001" /><testcase classname="tests.test_emergency" name="test_halt_new_blocks_open_but_keeps_protecting_positions" time="0.001" /><testcase classname="tests.test_emergency" name="test_halt_all_blocks_both" time="0.001" /><testcase classname="tests.test_emergency" name="test_reject_reason_carries_who_when_why" time="0.001" /><testcase classname="tests.test_emergency" name="test_invalid_level_rejected[]" time="0.001" /><testcase classname="tests.test_emergency" name="test_invalid_level_rejected[NORMAL]" time="0.001" /><testcase classname="tests.test_emergency" name="test_invalid_level_rejected[STOP]" time="0.001" /><testcase classname="tests.test_emergency" name="test_invalid_level_rejected[halt_everything]" time="0.001" /><testcase classname="tests.test_emergency" name="test_invalid_level_rejected[None]" time="0.001" /><testcase classname="tests.test_emergency" name="test_account_halt_does_not_affect_others" time="0.001" /><testcase classname="tests.test_emergency" name="test_effective_level_takes_the_stricter_one" time="0.001" /><testcase classname="tests.test_emergency" name="test_global_halt_all_overrides_weaker_account_entry" time="0.002" /><testcase classname="tests.test_emergency" name="test_scales_to_many_accounts" time="0.002" /><testcase classname="tests.test_emergency" name="test_resume_global_does_not_release_account_level" time="0.002" /><testcase classname="tests.test_emergency" name="test_resume_account_only" time="0.002" /><testcase classname="tests.test_emergency" name="test_halt_survives_process_restart" time="0.001" /><testcase classname="tests.test_emergency" name="test_account_halt_survives_restart" time="0.001" /><testcase classname="tests.test_emergency" name="test_state_file_is_always_valid_json" time="0.001" /><testcase classname="tests.test_emergency" name="test_corrupted_file_falls_back_to_last_known_halt" time="0.001" /><testcase classname="tests.test_emergency" name="test_corrupted_file_without_prior_state_defaults_to_normal" time="0.001" /><testcase classname="tests.test_emergency" name="test_missing_file_is_normal" time="0.001" /><testcase classname="tests.test_emergency" name="test_hand_edited_file_is_tolerated" time="0.001" /><testcase classname="tests.test_emergency" name="test_unknown_level_in_file_degrades_to_normal" time="0.001" /><testcase classname="tests.test_emergency" name="test_external_process_halt_is_picked_up" time="0.001" /><testcase classname="tests.test_emergency" name="test_get_state_returns_copy_not_internal_cache" time="0.001" /><testcase classname="tests.test_emergency" name="test_flatten_is_recorded_with_context" time="0.001" /><testcase classname="tests.test_emergency" name="test_flatten_history_is_capped" time="0.027" /><testcase classname="tests.test_emergency" name="test_summary_shape" time="0.001" /><testcase classname="tests.test_emergency" name="test_summary_clean_when_nothing_halted" time="0.001" /><testcase classname="tests.test_emergency" name="test_module_has_no_heavy_dependencies" time="0.001" /><testcase classname="tests.test_emergency" name="test_console_level_aliases_are_forgiving" time="0.001" /><testcase classname="tests.test_emergency_integration" name="test_execute_cycle_halt_new_blocks_open" time="0.009" /><testcase classname="tests.test_emergency_integration" name="test_execute_cycle_halt_new_still_protects_positions" time="0.002" /><testcase classname="tests.test_emergency_integration" name="test_execute_cycle_halt_all_does_nothing" time="0.002" /><testcase classname="tests.test_emergency_integration" name="test_execute_cycle_halt_runs_before_db_query" time="0.002" /><testcase classname="tests.test_emergency_integration" name="test_execute_cycle_normal_is_unaffected" time="0.002" /><testcase classname="tests.test_emergency_integration" name="test_copy_order_blocked_when_halted" time="0.002" /><testcase classname="tests.test_emergency_integration" name="test_copy_order_blocked_by_account_scope_only" time="0.002" /><testcase classname="tests.test_emergency_integration" name="test_manage_positions_bypass_blocked_on_halt_all" time="0.002" /><testcase classname="tests.test_emergency_integration" name="test_fast_l3_lock_bypass_blocked_on_halt_all" time="0.002" /><testcase classname="tests.test_emergency_integration" name="test_mirror_scenario_really_closes_without_halt" time="0.007" /><testcase classname="tests.test_emergency_integration" name="test_mirror_leader_exits_bypass_blocked_on_halt_all" time="0.002" /><testcase classname="tests.test_emergency_integration" name="test_opposite_scenario_really_closes_without_halt" time="0.011" /><testcase classname="tests.test_emergency_integration" name="test_close_opposite_bypass_blocked_on_halt_all" time="0.002" /><testcase classname="tests.test_emergency_integration" name="test_bypass_paths_still_run_under_halt_new" time="0.002" /><testcase classname="tests.test_emergency_integration" name="test_auto_exit_blocked_helper_semantics" time="0.002" /><testcase classname="tests.test_emergency_integration" name="test_halt_written_by_other_process_takes_effect" time="0.003" /><testcase classname="tests.test_execution_controller.TestReconcilingIsMandatory" name="test_idle_cannot_jump_to_deciding" time="0.001" /><testcase classname="tests.test_execution_controller.TestReconcilingIsMandatory" name="test_idle_to_reconciling_ok" time="0.001" /><testcase classname="tests.test_execution_controller.TestReconcilingIsMandatory" name="test_reconciling_to_deciding_ok" time="0.001" /><testcase classname="tests.test_execution_controller.TestReconcilingIsMandatory" name="test_reconciling_drift_goes_through_repairing" time="0.000" /><testcase classname="tests.test_execution_controller.TestReconcilingIsMandatory" name="test_reconcile_failure_returns_to_idle_not_deciding" time="0.000" /><testcase classname="tests.test_execution_controller.TestReconcilingIsMandatory" name="test_placing_cannot_be_reached_without_deciding" time="0.000" /><testcase classname="tests.test_execution_controller.TestManualHalt" name="test_manual_halt_can_interrupt_any_state[idle]" time="0.001" /><testcase classname="tests.test_execution_controller.TestManualHalt" name="test_manual_halt_can_interrupt_any_state[reconciling]" time="0.000" /><testcase classname="tests.test_execution_controller.TestManualHalt" name="test_manual_halt_can_interrupt_any_state[repairing]" time="0.001" /><testcase classname="tests.test_execution_controller.TestManualHalt" name="test_manual_halt_can_interrupt_any_state[deciding]" time="0.000" /><testcase classname="tests.test_execution_controller.TestManualHalt" name="test_manual_halt_can_interrupt_any_state[placing]" time="0.000" /><testcase classname="tests.test_execution_controller.TestManualHalt" name="test_manual_halt_can_interrupt_any_state[open]" time="0.000" /><testcase classname="tests.test_execution_controller.TestManualHalt" name="test_manual_halt_can_interrupt_any_state[managing]" time="0.000" /><testcase classname="tests.test_execution_controller.TestManualHalt" name="test_manual_halt_can_interrupt_any_state[exiting]" time="0.000" /><testcase classname="tests.test_execution_controller.TestManualHalt" name="test_manual_halt_can_interrupt_any_state[blocked]" time="0.000" /><testcase classname="tests.test_execution_controller.TestManualHalt" name="test_manual_halt_can_interrupt_any_state[manual_halt]" time="0.001"><skipped type="pytest.skip" message="已在封盘态">F:\WanxiangAI\backend\tests\test_execution_controller.py:83: 已在封盘态</skipped></testcase><testcase classname="tests.test_execution_controller.TestManualHalt" name="test_manual_halt_cannot_auto_resume" time="0.000" /><testcase classname="tests.test_execution_controller.TestManualHalt" name="test_manual_halt_resume_requires_human_flag" time="0.000" /><testcase classname="tests.test_execution_controller.TestManualHalt" name="test_manual_halt_resume_only_to_idle" time="0.000" /><testcase classname="tests.test_execution_controller.TestBlocked" name="test_deciding_blocked_then_idle" time="0.000" /><testcase classname="tests.test_execution_controller.TestBlocked" name="test_blocked_cannot_go_straight_to_placing" time="0.000" /><testcase classname="tests.test_execution_controller.TestHappyPath" name="test_full_open_cycle" time="0.000" /><testcase classname="tests.test_execution_controller.TestHappyPath" name="test_hold_cycle_without_new_order" time="0.000" /><testcase classname="tests.test_execution_controller.TestTransitionTableIntegrity" name="test_every_state_declared" time="0.000" /><testcase classname="tests.test_execution_controller.TestTransitionTableIntegrity" name="test_no_state_is_a_dead_end" time="0.001" /><testcase classname="tests.test_execution_controller.TestTransitionTableIntegrity" name="test_history_is_bounded" time="0.001" /><testcase classname="tests.test_execution_controller_flow.TestControllerOrchestration" name="test_reconcile_always_runs_before_execute" time="0.001" /><testcase classname="tests.test_execution_controller_flow.TestControllerOrchestration" name="test_reconcile_failure_skips_execute_entirely" time="0.001" /><testcase classname="tests.test_execution_controller_flow.TestControllerOrchestration" name="test_drift_routes_through_repairing" time="0.001" /><testcase classname="tests.test_execution_controller_flow.TestControllerOrchestration" name="test_orders_produce_open_state_path" time="0.001" /><testcase classname="tests.test_execution_controller_flow.TestControllerOrchestration" name="test_hold_path_skips_placing" time="0.001" /><testcase classname="tests.test_execution_controller_flow.TestControllerOrchestration" name="test_dry_run_never_executes" time="0.001" /><testcase classname="tests.test_execution_controller_flow.TestControllerOrchestration" name="test_executor_exception_never_propagates" time="0.001" /><testcase classname="tests.test_execution_controller_flow.TestControllerOrchestration" name="test_state_recovers_after_crash" time="0.001" /><testcase classname="tests.test_execution_controller_flow.TestControllerOrchestration" name="test_manual_halt_blocks_cycle" time="0.001" /><testcase classname="tests.test_execution_controller_flow.TestControllerOrchestration" name="test_halt_checker_failure_does_not_stop_everyone" time="0.001" /><testcase classname="tests.test_execution_controller_flow.TestControllerOrchestration" name="test_machines_isolated_per_account" time="0.001" /><testcase classname="tests.test_execution_controller_flow.TestControllerOrchestration" name="test_result_serializable" time="0.001" /><testcase classname="tests.test_execution_controller_flow.TestAccountPortfolio" name="test_aggregates_mt5_positions" time="0.000" /><testcase classname="tests.test_execution_controller_flow.TestAccountPortfolio" name="test_accepts_local_naming" time="0.000" /><testcase classname="tests.test_execution_controller_flow.TestAccountPortfolio" name="test_remaining_budget_respects_second_hard_bound" time="0.000" /><testcase classname="tests.test_execution_controller_flow.TestAccountPortfolio" name="test_unset_position_cap_means_unlimited" time="0.000" /><testcase classname="tests.test_execution_controller_flow.TestAccountPortfolio" name="test_budget_never_negative" time="0.000" /><testcase classname="tests.test_execution_controller_flow.TestAccountPortfolio" name="test_malformed_position_does_not_crash" time="0.001" /><testcase classname="tests.test_exit_query_integrity" name="test_rescan_retries_instead_of_giving_up_on_query_failure" time="0.001" /><testcase classname="tests.test_exit_query_integrity" name="test_rescan_recovers_positions_when_first_round_fails" time="0.001" /><testcase classname="tests.test_exit_query_integrity" name="test_rescan_returns_none_when_all_rounds_fail" time="0.001" /><testcase classname="tests.test_exit_query_integrity" name="test_rescan_stops_early_when_confirmed_empty" time="0.001" /><testcase classname="tests.test_exit_query_integrity" name="test_rescan_merges_across_rounds" time="0.001" /><testcase classname="tests.test_exit_query_integrity" name="test_rescan_falls_back_when_checked_api_absent" time="0.001" /><testcase classname="tests.test_exit_query_integrity" name="test_open_gate_blocks_when_query_fails_inside_recon_throttle" time="0.004" /><testcase classname="tests.test_exit_query_integrity" name="test_open_gate_respects_true_position_count" time="0.010" /><testcase classname="tests.test_exit_query_integrity" name="test_open_proceeds_when_query_ok_and_below_cap" time="0.013" /><testcase classname="tests.test_follower_copy_config" name="test_follower_churn_honors_shorter_customer_setting" time="0.002" /><testcase classname="tests.test_follower_copy_config" name="test_follower_churn_honors_longer_customer_setting" time="0.001" /><testcase classname="tests.test_follower_copy_config" name="test_follower_churn_default_behavior_unchanged[45-False]" time="0.001" /><testcase classname="tests.test_follower_copy_config" name="test_follower_churn_default_behavior_unchanged[90-True]" time="0.002" /><testcase classname="tests.test_follower_copy_config" name="test_follower_churn_is_per_account" time="0.001" /><testcase classname="tests.test_follower_copy_config" name="test_dedupe_mark_survives_bookkeeping_failure" time="0.003" /><testcase classname="tests.test_follower_copy_config" name="test_no_duplicate_copy_on_second_cycle_after_failure" time="0.002" /><testcase classname="tests.test_follower_copy_config" name="test_successful_copy_still_marks_and_places" time="0.002" /><testcase classname="tests.test_hardfloor" name="test_buy_rule_be_floor_not_overridden_by_m1_none" time="0.001" /><testcase classname="tests.test_hardfloor" name="test_buy_m1_better_trail_overrides_rule" time="0.001" /><testcase classname="tests.test_hardfloor" name="test_buy_no_sl_from_either_side_means_hold" time="0.001" /><testcase classname="tests.test_hardfloor" name="test_sell_rule_be_floor" time="0.001" /><testcase classname="tests.test_hardfloor" name="test_sell_m1_better_trail" time="0.000" /><testcase classname="tests.test_hardfloor" name="test_not_worse_than_current" time="0.000" /><testcase classname="tests.test_hardfloor" name="test_current_sl_zero_rule_fills" time="0.000" /><testcase classname="tests.test_hardfloor" name="test_unknown_position_type_returns_none" time="0.000" /><testcase classname="tests.test_hardfloor_integration" name="test_m1_hold_still_applies_breakeven" time="0.007" /><testcase classname="tests.test_hardfloor_integration" name="test_m1_better_trail_overrides_rule" time="0.007" /><testcase classname="tests.test_hardfloor_integration" name="test_no_positions_no_crash" time="0.002" /><testcase classname="tests.test_health_truthfulness" name="test_all_accounts_offline_must_not_report_ok" time="0.002" /><testcase classname="tests.test_health_truthfulness" name="test_partial_outage_is_still_degraded" time="0.001" /><testcase classname="tests.test_health_truthfulness" name="test_healthy_loop_cannot_mask_account_outage" time="0.001" /><testcase classname="tests.test_health_truthfulness" name="test_all_connected_reports_ok" time="0.001" /><testcase classname="tests.test_health_truthfulness" name="test_fresh_deploy_without_accounts_is_ok" time="0.001" /><testcase classname="tests.test_health_truthfulness" name="test_more_connected_than_expected_is_not_degraded" time="0.001" /><testcase classname="tests.test_health_truthfulness" name="test_health_exposes_bootstrap_conclusion" time="0.001" /><testcase classname="tests.test_health_truthfulness" name="test_health_never_raises_when_mt5_unavailable" time="0.001" /><testcase classname="tests.test_health_truthfulness" name="test_db_not_ready_must_not_report_ok" time="0.001" /><testcase classname="tests.test_health_truthfulness" name="test_db_ready_restores_ok" time="0.001" /><testcase classname="tests.test_health_truthfulness" name="test_health_exposes_db_detail" time="0.001" /><testcase classname="tests.test_leader_exit_bus.TestFreshActionMustSurvive" name="test_fresh_action_after_old_action_same_ticket" time="0.001" /><testcase classname="tests.test_leader_exit_bus.TestFreshActionMustSurvive" name="test_basket_key_reused_forever_still_delivers" time="0.001" /><testcase classname="tests.test_leader_exit_bus.TestFreshActionMustSurvive" name="test_new_action_visible_regardless_of_entry_age[0]" time="0.001" /><testcase classname="tests.test_leader_exit_bus.TestFreshActionMustSurvive" name="test_new_action_visible_regardless_of_entry_age[50]" time="0.001" /><testcase classname="tests.test_leader_exit_bus.TestFreshActionMustSurvive" name="test_new_action_visible_regardless_of_entry_age[179]" time="0.001" /><testcase classname="tests.test_leader_exit_bus.TestFreshActionMustSurvive" name="test_new_action_visible_regardless_of_entry_age[181]" time="0.001" /><testcase classname="tests.test_leader_exit_bus.TestFreshActionMustSurvive" name="test_new_action_visible_regardless_of_entry_age[250]" time="0.001" /><testcase classname="tests.test_leader_exit_bus.TestFreshActionMustSurvive" name="test_new_action_visible_regardless_of_entry_age[299]" time="0.001" /><testcase classname="tests.test_leader_exit_bus.TestFreshActionMustSurvive" name="test_new_action_visible_regardless_of_entry_age[400]" time="0.001" /><testcase classname="tests.test_leader_exit_bus.TestStaleActionMustExpire" name="test_action_older_than_ttl_is_dropped" time="0.001" /><testcase classname="tests.test_leader_exit_bus.TestStaleActionMustExpire" name="test_mixed_ages_only_fresh_returned" time="0.001" /><testcase classname="tests.test_leader_exit_bus.TestBasicContract" name="test_unknown_ticket_returns_none" time="0.001" /><testcase classname="tests.test_leader_exit_bus.TestBasicContract" name="test_每个动作都带独立时间戳" time="0.000" /><testcase classname="tests.test_leader_exit_bus.TestBasicContract" name="test_action_id_unique" time="0.001" /><testcase classname="tests.test_leader_exit_bus.TestBasicContract" name="test_memory_does_not_grow_unbounded" time="0.002" /><testcase classname="tests.test_leader_open_atomicity" name="test_cooldown_ts_lands_even_if_feed_raises" time="0.004" /><testcase classname="tests.test_leader_open_atomicity" name="test_no_double_open_next_cycle_after_feed_failure" time="0.007" /><testcase classname="tests.test_leader_open_atomicity" name="test_cooldown_ts_lands_on_normal_path" time="0.004" /><testcase classname="tests.test_leader_open_atomicity" name="test_no_cooldown_ts_when_order_rejected" time="0.004" /><testcase classname="tests.test_leader_open_atomicity" name="test_rejected_order_does_not_block_next_cycle" time="0.008" /><testcase classname="tests.test_leader_open_atomicity" name="test_push_feed_swallows_internal_failure" time="0.002" /><testcase classname="tests.test_leader_open_atomicity" name="test_open_still_completes_when_feed_internals_fail" time="0.004" /><testcase classname="tests.test_license_api_contract" name="test_status_has_all_fields_frontend_consumes" time="0.001" /><testcase classname="tests.test_license_api_contract" name="test_status_state_is_known_to_frontend" time="0.000" /><testcase classname="tests.test_license_api_contract" name="test_status_field_types_are_stable" time="0.000" /><testcase classname="tests.test_license_api_contract" name="test_status_license_key_is_masked" time="0.000" /><testcase classname="tests.test_license_api_contract" name="test_status_datetime_fields_are_iso_sliceable" time="0.001" /><testcase classname="tests.test_license_api_contract" name="test_machine_describe_shape" time="0.001" /><testcase classname="tests.test_license_api_contract" name="test_machine_factors_present_is_dict_not_list" time="0.000" /><testcase classname="tests.test_license_api_contract" name="test_machine_code_leaks_no_raw_hardware_id" time="0.001" /><testcase classname="tests.test_license_api_contract" name="test_frontend_hint_source_declares_positions_safe" time="0.001" /><testcase classname="tests.test_licensing.TestToken" name="test_roundtrip" time="0.002" /><testcase classname="tests.test_licensing.TestToken" name="test_tampered_payload_rejected" time="0.001" /><testcase classname="tests.test_licensing.TestToken" name="test_foreign_key_rejected" time="0.001" /><testcase classname="tests.test_licensing.TestToken" name="test_malformed[-TOKEN_EMPTY]" time="0.001" /><testcase classname="tests.test_licensing.TestToken" name="test_malformed[abc-TOKEN_MALFORMED]" time="0.001" /><testcase classname="tests.test_licensing.TestToken" name="test_malformed[WXAI9.aa.bb-TOKEN_MALFORMED]" time="0.001" /><testcase classname="tests.test_licensing.TestToken" name="test_malformed[WXAI1.@@@.bb-TOKEN_MALFORMED]" time="0.001" /><testcase classname="tests.test_licensing.TestToken" name="test_perpetual_license_never_expires" time="0.001" /><testcase classname="tests.test_licensing.TestToken" name="test_not_yet_valid" time="0.001" /><testcase classname="tests.test_licensing.TestToken" name="test_pubkey_fingerprint_guard_blocks_swapped_key" time="0.002" /><testcase classname="tests.test_licensing.TestToken" name="test_shipped_pubkey_matches_pinned_digest" time="0.001" /><testcase classname="tests.test_licensing.TestToken" name="test_license_key_alphabet_excludes_confusables" time="0.001" /><testcase classname="tests.test_licensing.TestToken" name="test_normalize_key[wxai-d723t-vzf7q-faxhc-vqc9s]" time="0.001" /><testcase classname="tests.test_licensing.TestToken" name="test_normalize_key[ WXAI D723T VZF7Q FAXHC VQC9S ]" time="0.001" /><testcase classname="tests.test_licensing.TestToken" name="test_normalize_key[WXAID723TVZF7QFAXHCVQC9S]" time="0.001" /><testcase classname="tests.test_licensing.TestFingerprint" name="test_all_three_match" time="0.001" /><testcase classname="tests.test_licensing.TestFingerprint" name="test_nic_replaced_still_same_machine" time="0.000" /><testcase classname="tests.test_licensing.TestFingerprint" name="test_mainboard_replaced_is_another_machine" time="0.000" /><testcase classname="tests.test_licensing.TestFingerprint" name="test_whole_machine_copy_rejected" time="0.000" /><testcase classname="tests.test_licensing.TestFingerprint" name="test_empty_factors_never_match" time="0.000" /><testcase classname="tests.test_licensing.TestFingerprint" name="test_partial_collection_still_usable" time="0.000" /><testcase classname="tests.test_licensing.TestFingerprint" name="test_normalize_filters_oem_placeholders" time="0.000" /><testcase classname="tests.test_licensing.TestFingerprint" name="test_hash_is_salted_per_factor" time="0.000" /><testcase classname="tests.test_licensing.TestFingerprint" name="test_composite_is_stable_and_short" time="0.000" /><testcase classname="tests.test_licensing.TestFingerprint" name="test_real_collection_smoke" time="0.000" /><testcase classname="tests.test_licensing.TestStateMachine" name="test_active" time="0.001" /><testcase classname="tests.test_licensing.TestStateMachine" name="test_perpetual_is_active" time="0.001" /><testcase classname="tests.test_licensing.TestStateMachine" name="test_grace_after_expiry" time="0.001" /><testcase classname="tests.test_licensing.TestStateMachine" name="test_expired_beyond_grace_stops_open_only" time="0.001" /><testcase classname="tests.test_licensing.TestStateMachine" name="test_suspended" time="0.001" /><testcase classname="tests.test_licensing.TestStateMachine" name="test_machine_mismatch_from_token_binding" time="0.001" /><testcase classname="tests.test_licensing.TestStateMachine" name="test_machine_mismatch_from_local_binding" time="0.001" /><testcase classname="tests.test_licensing.TestStateMachine" name="test_local_binding_same_machine_ok" time="0.001" /><testcase classname="tests.test_licensing.TestStateMachine" name="test_clock_rollback_detected" time="0.001" /><testcase classname="tests.test_licensing.TestStateMachine" name="test_small_clock_drift_tolerated" time="0.001" /><testcase classname="tests.test_licensing.TestStateMachine" name="test_trial_when_no_license" time="0.001" /><testcase classname="tests.test_licensing.TestStateMachine" name="test_unlicensed_after_trial" time="0.001" /><testcase classname="tests.test_licensing.TestStateMachine" name="test_enforce_off_bypasses_everything" time="0.001" /><testcase classname="tests.test_licensing.TestStateMachine" name="test_bad_token_is_unlicensed_not_crash" time="0.001" /><testcase classname="tests.test_licensing.TestStateMachine" name="test_fail_open_on_internal_error" time="0.001" /><testcase classname="tests.test_licensing.TestStateMachine" name="test_cache_avoids_recompute" time="0.001" /><testcase classname="tests.test_licensing.TestGate" name="test_allows_when_active" time="0.001" /><testcase classname="tests.test_licensing.TestGate" name="test_blocks_when_expired" time="0.001" /><testcase classname="tests.test_licensing.TestGate" name="test_quota_exceeded_blocks_only_that_account" time="0.001" /><testcase classname="tests.test_licensing.TestGate" name="test_gate_fail_open" time="0.001" /><testcase classname="tests.test_licensing.TestGate" name="test_allowed_states_are_consistent" time="0.001" /><testcase classname="tests.test_licensing.TestRedLine" name="test_licensing_never_closes_positions" time="0.001" /><testcase classname="tests.test_licensing.TestRedLine" name="test_denial_messages_reassure_about_positions" time="0.001" /><testcase classname="tests.test_licensing.TestRedLine" name="test_masked_key_never_leaks_middle" time="0.000" /><testcase classname="tests.test_local_llm_service.TestAvailability" name="test_available_when_model_present" time="0.001" /><testcase classname="tests.test_local_llm_service.TestAvailability" name="test_unavailable_when_ollama_down" time="0.001" /><testcase classname="tests.test_local_llm_service.TestAvailability" name="test_unavailable_when_model_missing" time="0.001" /><testcase classname="tests.test_local_llm_service.TestAvailability" name="test_model_tag_variant_accepted" time="0.001" /><testcase classname="tests.test_local_llm_service.TestAvailability" name="test_negative_cache_avoids_repeated_probes" time="0.001" /><testcase classname="tests.test_local_llm_service.TestAvailability" name="test_positive_cache" time="0.001" /><testcase classname="tests.test_local_llm_service.TestAvailability" name="test_force_bypasses_cache" time="0.001" /><testcase classname="tests.test_local_llm_service.TestAvailability" name="test_kill_switch_skips_probe_entirely" time="0.001" /><testcase classname="tests.test_local_llm_service.TestAvailability" name="test_custom_url_and_model_from_env" time="0.001" /><testcase classname="tests.test_local_llm_service.TestVRamDiscipline" name="test_generate_payload_locks_vram_params" time="0.001" /><testcase classname="tests.test_local_llm_service.TestVRamDiscipline" name="test_no_model_load_on_probe" time="0.001" /><testcase classname="tests.test_local_llm_service.TestProofreader" name="test_clean_decision_returns_ok" time="0.001" /><testcase classname="tests.test_local_llm_service.TestProofreader" name="test_issues_detected" time="0.001" /><testcase classname="tests.test_local_llm_service.TestProofreader" name="test_unavailable_returns_none_not_ok" time="0.001" /><testcase classname="tests.test_local_llm_service.TestProofreader" name="test_prompt_forbids_giving_direction" time="0.001" /><testcase classname="tests.test_local_llm_service.TestProofreader" name="test_result_carries_no_direction_field" time="0.001" /><testcase classname="tests.test_local_llm_service.TestProofreader" name="test_empty_decision_short_circuits" time="0.001" /><testcase classname="tests.test_local_llm_service.TestProofreader" name="test_issues_as_plain_string_normalized" time="0.001" /><testcase classname="tests.test_local_llm_service.TestProofreader" name="test_severity_inferred_when_missing" time="0.001" /><testcase classname="tests.test_local_llm_service.TestProofreader" name="test_structural_audit_survives_llm_failure" time="0.001" /><testcase classname="tests.test_local_llm_service.TestProofreader" name="test_structural_audit_catches_sl_reversal_without_llm" time="0.001" /><testcase classname="tests.test_local_llm_service.TestProofreader" name="test_structural_audit_tp_reversal" time="0.001" /><testcase classname="tests.test_local_llm_service.TestProofreader" name="test_structural_audit_hallucination" time="0.001" /><testcase classname="tests.test_local_llm_service.TestProofreader" name="test_structural_audit_rr_minor" time="0.001" /><testcase classname="tests.test_local_llm_service.TestJsonTolerance" name="test_extract_json_from_noisy_output[{&quot;issues&quot;: [], &quot;severity&quot;: &quot;none&quot;}]" time="0.001" /><testcase classname="tests.test_local_llm_service.TestJsonTolerance" name="test_extract_json_from_noisy_output[```json\n{&quot;issues&quot;: [], &quot;severity&quot;: &quot;none&quot;}\n```]" time="0.001" /><testcase classname="tests.test_local_llm_service.TestJsonTolerance" name="test_extract_json_from_noisy_output[&lt;think&gt;\u8ba9\u6211\u60f3\u60f3...&lt;/think&gt;{&quot;issues&quot;: [], &quot;severity&quot;: &quot;none&quot;}]" time="0.001" /><testcase classname="tests.test_local_llm_service.TestJsonTolerance" name="test_extract_json_from_noisy_output[\u597d\u7684\uff0c\u68c0\u67e5\u7ed3\u679c\u5982\u4e0b\uff1a\n{&quot;issues&quot;: [], &quot;severity&quot;: &quot;none&quot;}\n\u5e0c\u671b\u6709\u5e2e\u52a9\uff01]" time="0.001" /><testcase classname="tests.test_local_llm_service.TestJsonTolerance" name="test_extract_json_from_noisy_output[&lt;think&gt;\n\u590d\u6742\u63a8\u7406\n&lt;/think&gt;\n```json\n{&quot;issues&quot;: [], &quot;severity&quot;: &quot;none&quot;}\n```\n]" time="0.001" /><testcase classname="tests.test_local_llm_service.TestJsonTolerance" name="test_garbage_output_degrades_gracefully" time="0.001" /><testcase classname="tests.test_local_llm_service.TestJsonTolerance" name="test_copilot_garbage_returns_none" time="0.001" /><testcase classname="tests.test_local_llm_service.TestCopilot" name="test_vote_parsed" time="0.001" /><testcase classname="tests.test_local_llm_service.TestCopilot" name="test_decision_normalization[BUY-BUY]" time="0.001" /><testcase classname="tests.test_local_llm_service.TestCopilot" name="test_decision_normalization[buy-BUY]" time="0.001" /><testcase classname="tests.test_local_llm_service.TestCopilot" name="test_decision_normalization[LONG-BUY]" time="0.001" /><testcase classname="tests.test_local_llm_service.TestCopilot" name="test_decision_normalization[\u505a\u591a-BUY]" time="0.001" /><testcase classname="tests.test_local_llm_service.TestCopilot" name="test_decision_normalization[SELL-SELL]" time="0.001" /><testcase classname="tests.test_local_llm_service.TestCopilot" name="test_decision_normalization[short-SELL]" time="0.001" /><testcase classname="tests.test_local_llm_service.TestCopilot" name="test_decision_normalization[\u5356\u51fa-SELL]" time="0.001" /><testcase classname="tests.test_local_llm_service.TestCopilot" name="test_decision_normalization[WAIT-HOLD]" time="0.001" /><testcase classname="tests.test_local_llm_service.TestCopilot" name="test_decision_normalization[-HOLD]" time="0.001" /><testcase classname="tests.test_local_llm_service.TestCopilot" name="test_decision_normalization[None-HOLD]" time="0.001" /><testcase classname="tests.test_local_llm_service.TestCopilot" name="test_decision_normalization[\u80e1\u8bf4\u516b\u9053-HOLD]" time="0.001" /><testcase classname="tests.test_local_llm_service.TestCopilot" name="test_confidence_normalization[0.75-0.75]" time="0.001" /><testcase classname="tests.test_local_llm_service.TestCopilot" name="test_confidence_normalization[75-0.75]" time="0.001" /><testcase classname="tests.test_local_llm_service.TestCopilot" name="test_confidence_normalization[1.0-1.0]" time="0.001" /><testcase classname="tests.test_local_llm_service.TestCopilot" name="test_confidence_normalization[150-1.0]" time="0.001" /><testcase classname="tests.test_local_llm_service.TestCopilot" name="test_confidence_normalization[-3-0.0]" time="0.001" /><testcase classname="tests.test_local_llm_service.TestCopilot" name="test_confidence_normalization[0.6-0.6]" time="0.001" /><testcase classname="tests.test_local_llm_service.TestCopilot" name="test_confidence_normalization[abc-0.0]" time="0.001" /><testcase classname="tests.test_local_llm_service.TestCopilot" name="test_confidence_normalization[None-0.0]" time="0.001" /><testcase classname="tests.test_local_llm_service.TestCopilot" name="test_prompt_requires_hold_when_unsure" time="0.001" /><testcase classname="tests.test_local_llm_service.TestCopilot" name="test_unavailable_returns_none" time="0.001" /><testcase classname="tests.test_local_llm_service.TestCopilotGate" name="test_all_locks_pass" time="0.001" /><testcase classname="tests.test_local_llm_service.TestCopilotGate" name="test_lock1_no_vote" time="0.001" /><testcase classname="tests.test_local_llm_service.TestCopilotGate" name="test_lock1_hold_vote" time="0.001" /><testcase classname="tests.test_local_llm_service.TestCopilotGate" name="test_lock2_low_confidence" time="0.001" /><testcase classname="tests.test_local_llm_service.TestCopilotGate" name="test_lock2_exact_threshold_passes" time="0.001" /><testcase classname="tests.test_local_llm_service.TestCopilotGate" name="test_lock3_chronos_opposite" time="0.001" /><testcase classname="tests.test_local_llm_service.TestCopilotGate" name="test_lock3_chronos_no_direction[None]" time="0.001" /><testcase classname="tests.test_local_llm_service.TestCopilotGate" name="test_lock3_chronos_no_direction[]" time="0.001" /><testcase classname="tests.test_local_llm_service.TestCopilotGate" name="test_lock3_chronos_no_direction[NEUTRAL]" time="0.001" /><testcase classname="tests.test_local_llm_service.TestCopilotGate" name="test_lock3_chronos_no_direction[UNKNOWN]" time="0.001" /><testcase classname="tests.test_local_llm_service.TestCopilotGate" name="test_lock3_chronos_no_direction[N/A]" time="0.001" /><testcase classname="tests.test_local_llm_service.TestCopilotGate" name="test_chronos_direction_aliases[UP-BUY-True]" time="0.001" /><testcase classname="tests.test_local_llm_service.TestCopilotGate" name="test_chronos_direction_aliases[LONG-BUY-True]" time="0.001" /><testcase classname="tests.test_local_llm_service.TestCopilotGate" name="test_chronos_direction_aliases[buy-BUY-True]" time="0.001" /><testcase classname="tests.test_local_llm_service.TestCopilotGate" name="test_chronos_direction_aliases[DOWN-SELL-True]" time="0.001" /><testcase classname="tests.test_local_llm_service.TestCopilotGate" name="test_chronos_direction_aliases[SHORT-SELL-True]" time="0.001" /><testcase classname="tests.test_local_llm_service.TestCopilotGate" name="test_chronos_direction_aliases[UP-SELL-False]" time="0.001" /><testcase classname="tests.test_local_llm_service.TestCopilotGate" name="test_chronos_direction_aliases[DOWN-BUY-False]" time="0.001" /><testcase classname="tests.test_local_llm_service.TestCopilotGate" name="test_gate_never_raises_on_weird_input" time="0.001" /><testcase classname="tests.test_local_llm_service.TestStatusAndSafety" name="test_status_shape" time="0.001" /><testcase classname="tests.test_local_llm_service.TestStatusAndSafety" name="test_counters_move" time="0.001" /><testcase classname="tests.test_local_llm_service.TestStatusAndSafety" name="test_transport_error_invalidates_probe_cache" time="0.001" /><testcase classname="tests.test_local_llm_service.TestStatusAndSafety" name="test_module_helpers_never_raise" time="0.001" /><testcase classname="tests.test_local_llm_service.TestStatusAndSafety" name="test_singleton" time="0.001" /><testcase classname="tests.test_local_llm_service.TestStatusAndSafety" name="test_reset" time="0.001" /><testcase classname="tests.test_local_llm_service.TestRealEnvironment" name="test_real_probe_degrades_gracefully" time="5.360" /><testcase classname="tests.test_mirror_concurrency" name="test_concurrent_partial_close_executes_only_once" time="0.253" /><testcase classname="tests.test_mirror_concurrency" name="test_concurrent_partial_close_does_not_wipe_position" time="0.253" /><testcase classname="tests.test_mirror_concurrency" name="test_concurrent_full_close_executes_only_once" time="0.254" /><testcase classname="tests.test_mirror_concurrency" name="test_claim_happens_before_irreversible_close" time="0.001" /><testcase classname="tests.test_mirror_concurrency" name="test_single_thread_partial_close_still_works" time="0.001" /><testcase classname="tests.test_mirror_concurrency" name="test_failed_close_can_retry_next_round" time="0.001" /><testcase classname="tests.test_mirror_concurrency" name="test_different_actions_are_independent" time="0.001" /><testcase classname="tests.test_mirror_concurrency" name="test_second_round_does_not_repeat_completed_action" time="0.001" /><testcase classname="tests.test_mirror_fail_budget" name="test_counts_accumulate_within_window" time="0.001" /><testcase classname="tests.test_mirror_fail_budget" name="test_budget_resets_after_ttl" time="0.000" /><testcase classname="tests.test_mirror_fail_budget" name="test_expired_entries_are_garbage_collected" time="0.000" /><testcase classname="tests.test_mirror_fail_budget" name="test_gc_does_not_touch_live_entries" time="0.000" /><testcase classname="tests.test_mirror_fail_budget" name="test_distinct_keys_do_not_share_budget" time="0.000" /><testcase classname="tests.test_mirror_fail_budget" name="test_ttl_covers_idempotency_window" time="0.001" /><testcase classname="tests.test_numpy_direction_guard" name="test_hold_skips_review" time="0.001" /><testcase classname="tests.test_numpy_direction_guard" name="test_too_short_data_skips" time="0.001" /><testcase classname="tests.test_numpy_direction_guard" name="test_buy_at_extreme_top_blocked" time="0.006" /><testcase classname="tests.test_numpy_direction_guard" name="test_sell_at_extreme_bottom_blocked" time="0.002" /><testcase classname="tests.test_numpy_direction_guard" name="test_sell_in_uptrend_is_conflict" time="0.002" /><testcase classname="tests.test_numpy_direction_guard" name="test_buy_in_uptrend_passes" time="0.002" /><testcase classname="tests.test_numpy_direction_guard" name="test_features_exposed" time="0.002" /><testcase classname="tests.test_numpy_direction_guard" name="test_max_conflict_order" time="0.001" /><testcase classname="tests.test_parity_smart_exit" name="test_serde_roundtrip_keeps_orm_fields_readable" time="0.001" /><testcase classname="tests.test_parity_smart_exit" name="test_serde_redacts_secrets" time="0.001" /><testcase classname="tests.test_parity_smart_exit" name="test_serde_handles_nan_and_inf" time="0.001" /><testcase classname="tests.test_parity_smart_exit" name="test_asserter_catches_every_kind_of_change[expected0-actual0-value]" time="0.001" /><testcase classname="tests.test_parity_smart_exit" name="test_asserter_catches_every_kind_of_change[expected1-actual1-missing]" time="0.001" /><testcase classname="tests.test_parity_smart_exit" name="test_asserter_catches_every_kind_of_change[expected2-actual2-extra]" time="0.001" /><testcase classname="tests.test_parity_smart_exit" name="test_asserter_catches_every_kind_of_change[expected3-actual3-type]" time="0.001" /><testcase classname="tests.test_parity_smart_exit" name="test_asserter_catches_every_kind_of_change[expected4-actual4-type]" time="0.001" /><testcase classname="tests.test_parity_smart_exit" name="test_asserter_catches_every_kind_of_change[expected5-actual5-length]" time="0.001" /><testcase classname="tests.test_parity_smart_exit" name="test_asserter_catches_every_kind_of_change[expected6-actual6-value]" time="0.001" /><testcase classname="tests.test_parity_smart_exit" name="test_asserter_tolerates_only_float_noise" time="0.000" /><testcase classname="tests.test_parity_smart_exit" name="test_record_then_replay_is_field_identical" time="0.004" /><testcase classname="tests.test_parity_smart_exit" name="test_samples_actually_cover_distinct_branches" time="0.003" /><testcase classname="tests.test_parity_smart_exit" name="test_parity_fails_when_behavior_silently_changes" time="0.004" /><testcase classname="tests.test_parity_smart_exit" name="test_replay_reports_exception_instead_of_crashing" time="0.003" /><testcase classname="tests.test_parity_smart_exit" name="test_recorder_is_off_by_default" time="0.001" /><testcase classname="tests.test_parity_smart_exit" name="test_recorder_wrapper_is_transparent_and_reversible" time="0.002" /><testcase classname="tests.test_parity_smart_exit" name="test_recorder_never_raises_on_bad_payload" time="0.001" /><testcase classname="tests.test_phase1_lot_acceptance" name="test_A_deterministic[10.0-0.75-liumanchun1]" time="0.001" /><testcase classname="tests.test_phase1_lot_acceptance" name="test_A_deterministic[10.0-0.75-liumanchun3]" time="0.001" /><testcase classname="tests.test_phase1_lot_acceptance" name="test_A_deterministic[10.0-0.75-liumanchuan2]" time="0.001" /><testcase classname="tests.test_phase1_lot_acceptance" name="test_A_deterministic[10.0-0.75-liumanchun4]" time="0.001" /><testcase classname="tests.test_phase1_lot_acceptance" name="test_A_deterministic[25.0-0.7-liumanchun1]" time="0.001" /><testcase classname="tests.test_phase1_lot_acceptance" name="test_A_deterministic[25.0-0.7-liumanchun3]" time="0.001" /><testcase classname="tests.test_phase1_lot_acceptance" name="test_A_deterministic[25.0-0.7-liumanchuan2]" time="0.001" /><testcase classname="tests.test_phase1_lot_acceptance" name="test_A_deterministic[25.0-0.7-liumanchun4]" time="0.001" /><testcase classname="tests.test_phase1_lot_acceptance" name="test_A_deterministic[25.0-0.6-liumanchun1]" time="0.001" /><testcase classname="tests.test_phase1_lot_acceptance" name="test_A_deterministic[25.0-0.6-liumanchun3]" time="0.001" /><testcase classname="tests.test_phase1_lot_acceptance" name="test_A_deterministic[25.0-0.6-liumanchuan2]" time="0.001" /><testcase classname="tests.test_phase1_lot_acceptance" name="test_A_deterministic[25.0-0.6-liumanchun4]" time="0.001" /><testcase classname="tests.test_phase1_lot_acceptance" name="test_A_deterministic[40.0-0.85-liumanchun1]" time="0.001" /><testcase classname="tests.test_phase1_lot_acceptance" name="test_A_deterministic[40.0-0.85-liumanchun3]" time="0.001" /><testcase classname="tests.test_phase1_lot_acceptance" name="test_A_deterministic[40.0-0.85-liumanchuan2]" time="0.001" /><testcase classname="tests.test_phase1_lot_acceptance" name="test_A_deterministic[40.0-0.85-liumanchun4]" time="0.001" /><testcase classname="tests.test_phase1_lot_acceptance" name="test_A_deterministic[6.0-0.55-liumanchun1]" time="0.001" /><testcase classname="tests.test_phase1_lot_acceptance" name="test_A_deterministic[6.0-0.55-liumanchun3]" time="0.001" /><testcase classname="tests.test_phase1_lot_acceptance" name="test_A_deterministic[6.0-0.55-liumanchuan2]" time="0.001" /><testcase classname="tests.test_phase1_lot_acceptance" name="test_A_deterministic[6.0-0.55-liumanchun4]" time="0.001" /><testcase classname="tests.test_phase1_lot_acceptance" name="test_B_never_exceeds_frontend_max_lot[10.0-0.75-liumanchun1]" time="0.001" /><testcase classname="tests.test_phase1_lot_acceptance" name="test_B_never_exceeds_frontend_max_lot[10.0-0.75-liumanchun3]" time="0.001" /><testcase classname="tests.test_phase1_lot_acceptance" name="test_B_never_exceeds_frontend_max_lot[10.0-0.75-liumanchuan2]" time="0.001" /><testcase classname="tests.test_phase1_lot_acceptance" name="test_B_never_exceeds_frontend_max_lot[10.0-0.75-liumanchun4]" time="0.001" /><testcase classname="tests.test_phase1_lot_acceptance" name="test_B_never_exceeds_frontend_max_lot[25.0-0.7-liumanchun1]" time="0.001" /><testcase classname="tests.test_phase1_lot_acceptance" name="test_B_never_exceeds_frontend_max_lot[25.0-0.7-liumanchun3]" time="0.001" /><testcase classname="tests.test_phase1_lot_acceptance" name="test_B_never_exceeds_frontend_max_lot[25.0-0.7-liumanchuan2]" time="0.001" /><testcase classname="tests.test_phase1_lot_acceptance" name="test_B_never_exceeds_frontend_max_lot[25.0-0.7-liumanchun4]" time="0.001" /><testcase classname="tests.test_phase1_lot_acceptance" name="test_B_never_exceeds_frontend_max_lot[25.0-0.6-liumanchun1]" time=
[...]
me="0.001" /><testcase classname="tests.test_sizing_equivalence" name="test_sizing_output_identical_to_baseline[4-2408.0-0.0-0.95-2]" time="0.001" /><testcase classname="tests.test_sizing_equivalence" name="test_sizing_output_identical_to_baseline[4-2408.0-20.0-0.35-0]" time="0.001" /><testcase classname="tests.test_sizing_equivalence" name="test_sizing_output_identical_to_baseline[4-2408.0-20.0-0.35-2]" time="0.001" /><testcase classname="tests.test_sizing_equivalence" name="test_sizing_output_identical_to_baseline[4-2408.0-20.0-0.62-0]" time="0.001" /><testcase classname="tests.test_sizing_equivalence" name="test_sizing_output_identical_to_baseline[4-2408.0-20.0-0.62-2]" time="0.001" /><testcase classname="tests.test_sizing_equivalence" name="test_sizing_output_identical_to_baseline[4-2408.0-20.0-0.95-0]" time="0.001" /><testcase classname="tests.test_sizing_equivalence" name="test_sizing_output_identical_to_baseline[4-2408.0-20.0-0.95-2]" time="0.001" /><testcase classname="tests.test_sizing_equivalence" name="test_sizing_output_identical_to_baseline[4-2408.0-55.5-0.35-0]" time="0.001" /><testcase classname="tests.test_sizing_equivalence" name="test_sizing_output_identical_to_baseline[4-2408.0-55.5-0.35-2]" time="0.001" /><testcase classname="tests.test_sizing_equivalence" name="test_sizing_output_identical_to_baseline[4-2408.0-55.5-0.62-0]" time="0.001" /><testcase classname="tests.test_sizing_equivalence" name="test_sizing_output_identical_to_baseline[4-2408.0-55.5-0.62-2]" time="0.001" /><testcase classname="tests.test_sizing_equivalence" name="test_sizing_output_identical_to_baseline[4-2408.0-55.5-0.95-0]" time="0.001" /><testcase classname="tests.test_sizing_equivalence" name="test_sizing_output_identical_to_baseline[4-2408.0-55.5-0.95-2]" time="0.001" /><testcase classname="tests.test_sizing_equivalence" name="test_sizing_output_identical_to_baseline[4-2408.0-300.0-0.35-0]" time="0.001" /><testcase classname="tests.test_sizing_equivalence" name="test_sizing_output_identical_to_baseline[4-2408.0-300.0-0.35-2]" time="0.001" /><testcase classname="tests.test_sizing_equivalence" name="test_sizing_output_identical_to_baseline[4-2408.0-300.0-0.62-0]" time="0.001" /><testcase classname="tests.test_sizing_equivalence" name="test_sizing_output_identical_to_baseline[4-2408.0-300.0-0.62-2]" time="0.001" /><testcase classname="tests.test_sizing_equivalence" name="test_sizing_output_identical_to_baseline[4-2408.0-300.0-0.95-0]" time="0.001" /><testcase classname="tests.test_sizing_equivalence" name="test_sizing_output_identical_to_baseline[4-2408.0-300.0-0.95-2]" time="0.001" /><testcase classname="tests.test_sizing_equivalence" name="test_sizing_output_identical_to_baseline[4-2700.0-0.0-0.35-0]" time="0.001" /><testcase classname="tests.test_sizing_equivalence" name="test_sizing_output_identical_to_baseline[4-2700.0-0.0-0.35-2]" time="0.001" /><testcase classname="tests.test_sizing_equivalence" name="test_sizing_output_identical_to_baseline[4-2700.0-0.0-0.62-0]" time="0.001" /><testcase classname="tests.test_sizing_equivalence" name="test_sizing_output_identical_to_baseline[4-2700.0-0.0-0.62-2]" time="0.001" /><testcase classname="tests.test_sizing_equivalence" name="test_sizing_output_identical_to_baseline[4-2700.0-0.0-0.95-0]" time="0.001" /><testcase classname="tests.test_sizing_equivalence" name="test_sizing_output_identical_to_baseline[4-2700.0-0.0-0.95-2]" time="0.001" /><testcase classname="tests.test_sizing_equivalence" name="test_sizing_output_identical_to_baseline[4-2700.0-20.0-0.35-0]" time="0.001" /><testcase classname="tests.test_sizing_equivalence" name="test_sizing_output_identical_to_baseline[4-2700.0-20.0-0.35-2]" time="0.001" /><testcase classname="tests.test_sizing_equivalence" name="test_sizing_output_identical_to_baseline[4-2700.0-20.0-0.62-0]" time="0.001" /><testcase classname="tests.test_sizing_equivalence" name="test_sizing_output_identical_to_baseline[4-2700.0-20.0-0.62-2]" time="0.001" /><testcase classname="tests.test_sizing_equivalence" name="test_sizing_output_identical_to_baseline[4-2700.0-20.0-0.95-0]" time="0.001" /><testcase classname="tests.test_sizing_equivalence" name="test_sizing_output_identical_to_baseline[4-2700.0-20.0-0.95-2]" time="0.001" /><testcase classname="tests.test_sizing_equivalence" name="test_sizing_output_identical_to_baseline[4-2700.0-55.5-0.35-0]" time="0.001" /><testcase classname="tests.test_sizing_equivalence" name="test_sizing_output_identical_to_baseline[4-2700.0-55.5-0.35-2]" time="0.001" /><testcase classname="tests.test_sizing_equivalence" name="test_sizing_output_identical_to_baseline[4-2700.0-55.5-0.62-0]" time="0.001" /><testcase classname="tests.test_sizing_equivalence" name="test_sizing_output_identical_to_baseline[4-2700.0-55.5-0.62-2]" time="0.001" /><testcase classname="tests.test_sizing_equivalence" name="test_sizing_output_identical_to_baseline[4-2700.0-55.5-0.95-0]" time="0.001" /><testcase classname="tests.test_sizing_equivalence" name="test_sizing_output_identical_to_baseline[4-2700.0-55.5-0.95-2]" time="0.001" /><testcase classname="tests.test_sizing_equivalence" name="test_sizing_output_identical_to_baseline[4-2700.0-300.0-0.35-0]" time="0.001" /><testcase classname="tests.test_sizing_equivalence" name="test_sizing_output_identical_to_baseline[4-2700.0-300.0-0.35-2]" time="0.001" /><testcase classname="tests.test_sizing_equivalence" name="test_sizing_output_identical_to_baseline[4-2700.0-300.0-0.62-0]" time="0.001" /><testcase classname="tests.test_sizing_equivalence" name="test_sizing_output_identical_to_baseline[4-2700.0-300.0-0.62-2]" time="0.001" /><testcase classname="tests.test_sizing_equivalence" name="test_sizing_output_identical_to_baseline[4-2700.0-300.0-0.95-0]" time="0.001" /><testcase classname="tests.test_sizing_equivalence" name="test_sizing_output_identical_to_baseline[4-2700.0-300.0-0.95-2]" time="0.001" /><testcase classname="tests.test_sizing_equivalence" name="test_sizing_output_identical_to_baseline[4-989000.0-0.0-0.35-0]" time="0.001" /><testcase classname="tests.test_sizing_equivalence" name="test_sizing_output_identical_to_baseline[4-989000.0-0.0-0.35-2]" time="0.001" /><testcase classname="tests.test_sizing_equivalence" name="test_sizing_output_identical_to_baseline[4-989000.0-0.0-0.62-0]" time="0.001" /><testcase classname="tests.test_sizing_equivalence" name="test_sizing_output_identical_to_baseline[4-989000.0-0.0-0.62-2]" time="0.001" /><testcase classname="tests.test_sizing_equivalence" name="test_sizing_output_identical_to_baseline[4-989000.0-0.0-0.95-0]" time="0.001" /><testcase classname="tests.test_sizing_equivalence" name="test_sizing_output_identical_to_baseline[4-989000.0-0.0-0.95-2]" time="0.001" /><testcase classname="tests.test_sizing_equivalence" name="test_sizing_output_identical_to_baseline[4-989000.0-20.0-0.35-0]" time="0.001" /><testcase classname="tests.test_sizing_equivalence" name="test_sizing_output_identical_to_baseline[4-989000.0-20.0-0.35-2]" time="0.001" /><testcase classname="tests.test_sizing_equivalence" name="test_sizing_output_identical_to_baseline[4-989000.0-20.0-0.62-0]" time="0.001" /><testcase classname="tests.test_sizing_equivalence" name="test_sizing_output_identical_to_baseline[4-989000.0-20.0-0.62-2]" time="0.001" /><testcase classname="tests.test_sizing_equivalence" name="test_sizing_output_identical_to_baseline[4-989000.0-20.0-0.95-0]" time="0.001" /><testcase classname="tests.test_sizing_equivalence" name="test_sizing_output_identical_to_baseline[4-989000.0-20.0-0.95-2]" time="0.001" /><testcase classname="tests.test_sizing_equivalence" name="test_sizing_output_identical_to_baseline[4-989000.0-55.5-0.35-0]" time="0.001" /><testcase classname="tests.test_sizing_equivalence" name="test_sizing_output_identical_to_baseline[4-989000.0-55.5-0.35-2]" time="0.001" /><testcase classname="tests.test_sizing_equivalence" name="test_sizing_output_identical_to_baseline[4-989000.0-55.5-0.62-0]" time="0.001" /><testcase classname="tests.test_sizing_equivalence" name="test_sizing_output_identical_to_baseline[4-989000.0-55.5-0.62-2]" time="0.001" /><testcase classname="tests.test_sizing_equivalence" name="test_sizing_output_identical_to_baseline[4-989000.0-55.5-0.95-0]" time="0.001" /><testcase classname="tests.test_sizing_equivalence" name="test_sizing_output_identical_to_baseline[4-989000.0-55.5-0.95-2]" time="0.001" /><testcase classname="tests.test_sizing_equivalence" name="test_sizing_output_identical_to_baseline[4-989000.0-300.0-0.35-0]" time="0.001" /><testcase classname="tests.test_sizing_equivalence" name="test_sizing_output_identical_to_baseline[4-989000.0-300.0-0.35-2]" time="0.001" /><testcase classname="tests.test_sizing_equivalence" name="test_sizing_output_identical_to_baseline[4-989000.0-300.0-0.62-0]" time="0.001" /><testcase classname="tests.test_sizing_equivalence" name="test_sizing_output_identical_to_baseline[4-989000.0-300.0-0.62-2]" time="0.001" /><testcase classname="tests.test_sizing_equivalence" name="test_sizing_output_identical_to_baseline[4-989000.0-300.0-0.95-0]" time="0.001" /><testcase classname="tests.test_sizing_equivalence" name="test_sizing_output_identical_to_baseline[4-989000.0-300.0-0.95-2]" time="0.001" /><testcase classname="tests.test_sizing_equivalence" name="test_sizing_output_identical_to_baseline[4-1006000.0-0.0-0.35-0]" time="0.001" /><testcase classname="tests.test_sizing_equivalence" name="test_sizing_output_identical_to_baseline[4-1006000.0-0.0-0.35-2]" time="0.001" /><testcase classname="tests.test_sizing_equivalence" name="test_sizing_output_identical_to_baseline[4-1006000.0-0.0-0.62-0]" time="0.001" /><testcase classname="tests.test_sizing_equivalence" name="test_sizing_output_identical_to_baseline[4-1006000.0-0.0-0.62-2]" time="0.001" /><testcase classname="tests.test_sizing_equivalence" name="test_sizing_output_identical_to_baseline[4-1006000.0-0.0-0.95-0]" time="0.001" /><testcase classname="tests.test_sizing_equivalence" name="test_sizing_output_identical_to_baseline[4-1006000.0-0.0-0.95-2]" time="0.001" /><testcase classname="tests.test_sizing_equivalence" name="test_sizing_output_identical_to_baseline[4-1006000.0-20.0-0.35-0]" time="0.001" /><testcase classname="tests.test_sizing_equivalence" name="test_sizing_output_identical_to_baseline[4-1006000.0-20.0-0.35-2]" time="0.001" /><testcase classname="tests.test_sizing_equivalence" name="test_sizing_output_identical_to_baseline[4-1006000.0-20.0-0.62-0]" time="0.001" /><testcase classname="tests.test_sizing_equivalence" name="test_sizing_output_identical_to_baseline[4-1006000.0-20.0-0.62-2]" time="0.001" /><testcase classname="tests.test_sizing_equivalence" name="test_sizing_output_identical_to_baseline[4-1006000.0-20.0-0.95-0]" time="0.001" /><testcase classname="tests.test_sizing_equivalence" name="test_sizing_output_identical_to_baseline[4-1006000.0-20.0-0.95-2]" time="0.001" /><testcase classname="tests.test_sizing_equivalence" name="test_sizing_output_identical_to_baseline[4-1006000.0-55.5-0.35-0]" time="0.001" /><testcase classname="tests.test_sizing_equivalence" name="test_sizing_output_identical_to_baseline[4-1006000.0-55.5-0.35-2]" time="0.001" /><testcase classname="tests.test_sizing_equivalence" name="test_sizing_output_identical_to_baseline[4-1006000.0-55.5-0.62-0]" time="0.001" /><testcase classname="tests.test_sizing_equivalence" name="test_sizing_output_identical_to_baseline[4-1006000.0-55.5-0.62-2]" time="0.001" /><testcase classname="tests.test_sizing_equivalence" name="test_sizing_output_identical_to_baseline[4-1006000.0-55.5-0.95-0]" time="0.001" /><testcase classname="tests.test_sizing_equivalence" name="test_sizing_output_identical_to_baseline[4-1006000.0-55.5-0.95-2]" time="0.001" /><testcase classname="tests.test_sizing_equivalence" name="test_sizing_output_identical_to_baseline[4-1006000.0-300.0-0.35-0]" time="0.001" /><testcase classname="tests.test_sizing_equivalence" name="test_sizing_output_identical_to_baseline[4-1006000.0-300.0-0.35-2]" time="0.001" /><testcase classname="tests.test_sizing_equivalence" name="test_sizing_output_identical_to_baseline[4-1006000.0-300.0-0.62-0]" time="0.001" /><testcase classname="tests.test_sizing_equivalence" name="test_sizing_output_identical_to_baseline[4-1006000.0-300.0-0.62-2]" time="0.001" /><testcase classname="tests.test_sizing_equivalence" name="test_sizing_output_identical_to_baseline[4-1006000.0-300.0-0.95-0]" time="0.001" /><testcase classname="tests.test_sizing_equivalence" name="test_sizing_output_identical_to_baseline[4-1006000.0-300.0-0.95-2]" time="0.001" /><testcase classname="tests.test_sizing_equivalence" name="test_hard_bounds_only_shrinks_never_grows[0.35-20.0-988998.0]" time="0.001" /><testcase classname="tests.test_sizing_equivalence" name="test_hard_bounds_only_shrinks_never_grows[0.35-20.0-1005982.0]" time="0.001" /><testcase classname="tests.test_sizing_equivalence" name="test_hard_bounds_only_shrinks_never_grows[0.35-55.5-988998.0]" time="0.001" /><testcase classname="tests.test_sizing_equivalence" name="test_hard_bounds_only_shrinks_never_grows[0.35-55.5-1005982.0]" time="0.001" /><testcase classname="tests.test_sizing_equivalence" name="test_hard_bounds_only_shrinks_never_grows[0.35-300.0-988998.0]" time="0.001" /><testcase classname="tests.test_sizing_equivalence" name="test_hard_bounds_only_shrinks_never_grows[0.35-300.0-1005982.0]" time="0.001" /><testcase classname="tests.test_sizing_equivalence" name="test_hard_bounds_only_shrinks_never_grows[0.62-20.0-988998.0]" time="0.001" /><testcase classname="tests.test_sizing_equivalence" name="test_hard_bounds_only_shrinks_never_grows[0.62-20.0-1005982.0]" time="0.001" /><testcase classname="tests.test_sizing_equivalence" name="test_hard_bounds_only_shrinks_never_grows[0.62-55.5-988998.0]" time="0.001" /><testcase classname="tests.test_sizing_equivalence" name="test_hard_bounds_only_shrinks_never_grows[0.62-55.5-1005982.0]" time="0.001" /><testcase classname="tests.test_sizing_equivalence" name="test_hard_bounds_only_shrinks_never_grows[0.62-300.0-988998.0]" time="0.001" /><testcase classname="tests.test_sizing_equivalence" name="test_hard_bounds_only_shrinks_never_grows[0.62-300.0-1005982.0]" time="0.001" /><testcase classname="tests.test_sizing_equivalence" name="test_hard_bounds_only_shrinks_never_grows[0.95-20.0-988998.0]" time="0.001" /><testcase classname="tests.test_sizing_equivalence" name="test_hard_bounds_only_shrinks_never_grows[0.95-20.0-1005982.0]" time="0.001" /><testcase classname="tests.test_sizing_equivalence" name="test_hard_bounds_only_shrinks_never_grows[0.95-55.5-988998.0]" time="0.001" /><testcase classname="tests.test_sizing_equivalence" name="test_hard_bounds_only_shrinks_never_grows[0.95-55.5-1005982.0]" time="0.001" /><testcase classname="tests.test_sizing_equivalence" name="test_hard_bounds_only_shrinks_never_grows[0.95-300.0-988998.0]" time="0.001" /><testcase classname="tests.test_sizing_equivalence" name="test_hard_bounds_only_shrinks_never_grows[0.95-300.0-1005982.0]" time="0.001" /><testcase classname="tests.test_sizing_equivalence" name="test_hard_bounds_does_not_block_any_trade" time="0.001" /><testcase classname="tests.test_sizing_equivalence" name="test_small_account_unaffected_by_hard_bounds" time="0.001" /><testcase classname="tests.test_startup_budget" name="test_raw_creator_backoff_must_be_bounded" time="0.001" /><testcase classname="tests.test_startup_budget" name="test_init_db_must_not_block_startup_for_minutes" time="0.001" /><testcase classname="tests.test_startup_budget" name="test_init_db_end_to_end_budget_through_real_creator" time="0.002" /><testcase classname="tests.test_startup_budget" name="test_db_failure_must_be_visible_in_project_logger" time="0.001" /><testcase classname="tests.test_startup_budget" name="test_db_must_self_heal_in_background_after_fast_fail" time="0.012" /><testcase classname="tests.test_startup_budget" name="test_init_db_never_raises" time="0.001" /><testcase classname="tests.test_startup_budget" name="test_init_db_succeeds_first_try_costs_nothing" time="0.001" /><testcase classname="tests.test_startup_budget" name="test_init_db_recovers_from_transient_hiccup" time="0.001" /><testcase classname="tests.test_startup_budget" name="test_selfheal_daemon_not_started_when_db_already_healthy" time="0.001" /><testcase classname="tests.test_startup_budget" name="test_selfheal_daemon_survives_unexpected_errors" time="0.033" /><testcase classname="tests.test_startup_budget" name="test_startup_total_budget_far_below_supervisor_kill_line" time="0.001" /><testcase classname="tests.test_supervisor_probe_budget.TestStartupBudgetMustCoverAppSelfHeal" name="test_startup_kill_budget_exceeds_db_self_heal_budget" time="0.002" /><testcase classname="tests.test_supervisor_probe_budget.TestStartupBudgetMustCoverAppSelfHeal" name="test_startup_grace_alone_covers_most_of_self_heal" time="0.003" /><testcase classname="tests.test_supervisor_probe_budget.TestStartupBudgetMustCoverAppSelfHeal" name="test_startup_grace_strictly_longer_than_liveness_grace" time="0.000" /><testcase classname="tests.test_supervisor_probe_budget.TestLivenessSensitivityNotRegressed" name="test_liveness_kill_budget_stays_fast" time="0.000" /><testcase classname="tests.test_supervisor_probe_budget.TestLivenessSensitivityNotRegressed" name="test_health_probe_interval_reasonable" time="0.000" /><testcase classname="tests.test_supervisor_probe_budget.TestLivenessSensitivityNotRegressed" name="test_max_fails_still_requires_multiple_misses" time="0.000" /><testcase classname="tests.test_supervisor_probe_budget.TestRestartBackoffExists" name="test_backoff_logic_present_in_source" time="0.001" /><testcase classname="tests.test_supervisor_probe_budget.TestRestartBackoffExists" name="test_backoff_resets_after_healthy" time="0.001" /><testcase classname="tests.test_supervisor_probe_budget.TestRestartBackoffExists" name="test_backoff_has_upper_bound" time="0.001" /><testcase classname="tests.test_supervisor_probe_budget.TestDiagnosabilityGuard" name="test_raw_creator_logs_original_exception" time="0.001" /><testcase classname="tests.test_supervisor_probe_budget.TestDiagnosabilityGuard" name="test_database_logs_go_to_project_logger" time="0.001" /><testcase classname="tests.test_version_authority.TestVersionFile" name="test_version_file_exists" time="0.001" /><testcase classname="tests.test_version_authority.TestVersionFile" name="test_version_file_is_semver" time="0.001" /><testcase classname="tests.test_version_authority.TestVersionFile" name="test_version_file_single_line" time="0.001" /><testcase classname="tests.test_version_authority.TestVersionModule" name="test_get_version_matches_file" time="0.001" /><testcase classname="tests.test_version_authority.TestVersionModule" name="test_get_version_env_override" time="0.001" /><testcase classname="tests.test_version_authority.TestVersionModule" name="test_fallback_never_raises" time="0.001" /><testcase classname="tests.test_version_authority.TestVersionModule" name="test_build_info_shape" time="0.001" /><testcase classname="tests.test_version_authority.TestConfigUsesAuthority" name="test_config_version_matches_file" time="0.001" /><testcase classname="tests.test_version_authority.TestConfigUsesAuthority" name="test_no_hardcoded_version_literal_in_config" time="0.001" /><testcase classname="tests.test_version_authority.TestFrontendSync" name="test_package_json_version_matches" time="0.001" /><testcase classname="tests.test_version_authority.TestFrontendSync" name="test_vite_injects_app_version" time="0.001" /><testcase classname="tests.test_version_authority.TestFrontendSync" name="test_no_hardcoded_version_in_frontend_src" time="0.003" /><testcase classname="tests.test_version_authority.TestChangelog" name="test_changelog_exists" time="0.001" /><testcase classname="tests.test_version_authority.TestChangelog" name="test_changelog_contains_current_version" time="0.001" /></testsuite></testsuites>